{"C:\\Users\\hphen\\OneDrive\\Documentos\\INATEL\\C14\\GymTrack\\app\\api\\exercises\\route.ts": {"path":"C:\\Users\\hphen\\OneDrive\\Documentos\\INATEL\\C14\\GymTrack\\app\\api\\exercises\\route.ts","statementMap":{"0":{"start":{"line":5,"column":22},"end":{"line":5,"column":25}},"1":{"start":{"line":19,"column":22},"end":{"line":19,"column":26}},"2":{"start":{"line":1,"column":47},"end":{"line":1,"column":null}},"3":{"start":{"line":2,"column":30},"end":{"line":2,"column":null}},"4":{"start":{"line":6,"column":2},"end":{"line":15,"column":null}},"5":{"start":{"line":7,"column":22},"end":{"line":7,"column":null}},"6":{"start":{"line":8,"column":4},"end":{"line":8,"column":null}},"7":{"start":{"line":10,"column":4},"end":{"line":10,"column":null}},"8":{"start":{"line":11,"column":4},"end":{"line":13,"column":null}},"9":{"start":{"line":20,"column":2},"end":{"line":52,"column":null}},"10":{"start":{"line":21,"column":17},"end":{"line":21,"column":null}},"11":{"start":{"line":24,"column":19},"end":{"line":24,"column":null}},"12":{"start":{"line":25,"column":4},"end":{"line":30,"column":null}},"13":{"start":{"line":26,"column":6},"end":{"line":28,"column":null}},"14":{"start":{"line":33,"column":23},"end":{"line":35,"column":null}},"15":{"start":{"line":35,"column":18},"end":{"line":35,"column":null}},"16":{"start":{"line":37,"column":4},"end":{"line":42,"column":null}},"17":{"start":{"line":38,"column":6},"end":{"line":40,"column":null}},"18":{"start":{"line":44,"column":21},"end":{"line":44,"column":null}},"19":{"start":{"line":45,"column":4},"end":{"line":45,"column":null}},"20":{"start":{"line":47,"column":4},"end":{"line":47,"column":null}},"21":{"start":{"line":48,"column":4},"end":{"line":50,"column":null}}},"fnMap":{"0":{"name":"GET","decl":{"start":{"line":5,"column":22},"end":{"line":5,"column":25}},"loc":{"start":{"line":5,"column":22},"end":{"line":16,"column":null}}},"1":{"name":"POST","decl":{"start":{"line":19,"column":22},"end":{"line":19,"column":26}},"loc":{"start":{"line":19,"column":47},"end":{"line":53,"column":null}}},"2":{"name":"(anonymous_5)","decl":{"start":{"line":35,"column":12},"end":{"line":35,"column":18}},"loc":{"start":{"line":35,"column":18},"end":{"line":35,"column":null}}}},"branchMap":{"0":{"loc":{"start":{"line":25,"column":4},"end":{"line":30,"column":null}},"type":"if","locations":[{"start":{"line":25,"column":4},"end":{"line":30,"column":null}},{"start":{},"end":{}}]},"1":{"loc":{"start":{"line":37,"column":4},"end":{"line":42,"column":null}},"type":"if","locations":[{"start":{"line":37,"column":4},"end":{"line":42,"column":null}},{"start":{},"end":{}}]}},"s":{"0":2,"1":2,"2":2,"3":2,"4":3,"5":3,"6":2,"7":1,"8":1,"9":7,"10":7,"11":6,"12":6,"13":2,"14":4,"15":1,"16":4,"17":1,"18":3,"19":2,"20":2,"21":2},"f":{"0":3,"1":7,"2":1},"b":{"0":[2,4],"1":[1,3]}}
,"C:\\Users\\hphen\\OneDrive\\Documentos\\INATEL\\C14\\GymTrack\\app\\api\\exercises\\[id]\\route.ts": {"path":"C:\\Users\\hphen\\OneDrive\\Documentos\\INATEL\\C14\\GymTrack\\app\\api\\exercises\\[id]\\route.ts","statementMap":{"0":{"start":{"line":62,"column":22},"end":{"line":62,"column":28}},"1":{"start":{"line":5,"column":22},"end":{"line":5,"column":25}},"2":{"start":{"line":30,"column":22},"end":{"line":30,"column":25}},"3":{"start":{"line":1,"column":47},"end":{"line":1,"column":null}},"4":{"start":{"line":2,"column":30},"end":{"line":2,"column":null}},"5":{"start":{"line":9,"column":2},"end":{"line":26,"column":null}},"6":{"start":{"line":10,"column":19},"end":{"line":10,"column":39}},"7":{"start":{"line":11,"column":21},"end":{"line":11,"column":null}},"8":{"start":{"line":13,"column":4},"end":{"line":15,"column":null}},"9":{"start":{"line":14,"column":6},"end":{"line":14,"column":null}},"10":{"start":{"line":17,"column":21},"end":{"line":17,"column":null}},"11":{"start":{"line":18,"column":4},"end":{"line":20,"column":null}},"12":{"start":{"line":19,"column":6},"end":{"line":19,"column":null}},"13":{"start":{"line":22,"column":4},"end":{"line":22,"column":null}},"14":{"start":{"line":24,"column":4},"end":{"line":24,"column":null}},"15":{"start":{"line":25,"column":4},"end":{"line":25,"column":null}},"16":{"start":{"line":34,"column":2},"end":{"line":58,"column":null}},"17":{"start":{"line":35,"column":19},"end":{"line":35,"column":39}},"18":{"start":{"line":36,"column":21},"end":{"line":36,"column":null}},"19":{"start":{"line":38,"column":4},"end":{"line":40,"column":null}},"20":{"start":{"line":39,"column":6},"end":{"line":39,"column":null}},"21":{"start":{"line":42,"column":17},"end":{"line":42,"column":null}},"22":{"start":{"line":44,"column":19},"end":{"line":44,"column":null}},"23":{"start":{"line":45,"column":4},"end":{"line":47,"column":null}},"24":{"start":{"line":46,"column":6},"end":{"line":46,"column":null}},"25":{"start":{"line":49,"column":21},"end":{"line":49,"column":null}},"26":{"start":{"line":50,"column":4},"end":{"line":52,"column":null}},"27":{"start":{"line":51,"column":6},"end":{"line":51,"column":null}},"28":{"start":{"line":54,"column":4},"end":{"line":54,"column":null}},"29":{"start":{"line":56,"column":4},"end":{"line":56,"column":null}},"30":{"start":{"line":57,"column":4},"end":{"line":57,"column":null}},"31":{"start":{"line":66,"column":2},"end":{"line":83,"column":null}},"32":{"start":{"line":67,"column":19},"end":{"line":67,"column":39}},"33":{"start":{"line":68,"column":21},"end":{"line":68,"column":null}},"34":{"start":{"line":70,"column":4},"end":{"line":72,"column":null}},"35":{"start":{"line":71,"column":6},"end":{"line":71,"column":null}},"36":{"start":{"line":74,"column":20},"end":{"line":74,"column":null}},"37":{"start":{"line":75,"column":4},"end":{"line":77,"column":null}},"38":{"start":{"line":76,"column":6},"end":{"line":76,"column":null}},"39":{"start":{"line":79,"column":4},"end":{"line":79,"column":null}},"40":{"start":{"line":81,"column":4},"end":{"line":81,"column":null}},"41":{"start":{"line":82,"column":4},"end":{"line":82,"column":null}}},"fnMap":{"0":{"name":"GET","decl":{"start":{"line":5,"column":22},"end":{"line":5,"column":25}},"loc":{"start":{"line":7,"column":46},"end":{"line":27,"column":null}}},"1":{"name":"PUT","decl":{"start":{"line":30,"column":22},"end":{"line":30,"column":25}},"loc":{"start":{"line":32,"column":46},"end":{"line":59,"column":null}}},"2":{"name":"DELETE","decl":{"start":{"line":62,"column":22},"end":{"line":62,"column":28}},"loc":{"start":{"line":64,"column":46},"end":{"line":84,"column":null}}}},"branchMap":{"0":{"loc":{"start":{"line":13,"column":4},"end":{"line":15,"column":null}},"type":"if","locations":[{"start":{"line":13,"column":4},"end":{"line":15,"column":null}},{"start":{},"end":{}}]},"1":{"loc":{"start":{"line":18,"column":4},"end":{"line":20,"column":null}},"type":"if","locations":[{"start":{"line":18,"column":4},"end":{"line":20,"column":null}},{"start":{},"end":{}}]},"2":{"loc":{"start":{"line":38,"column":4},"end":{"line":40,"column":null}},"type":"if","locations":[{"start":{"line":38,"column":4},"end":{"line":40,"column":null}},{"start":{},"end":{}}]},"3":{"loc":{"start":{"line":45,"column":4},"end":{"line":47,"column":null}},"type":"if","locations":[{"start":{"line":45,"column":4},"end":{"line":47,"column":null}},{"start":{},"end":{}}]},"4":{"loc":{"start":{"line":50,"column":4},"end":{"line":52,"column":null}},"type":"if","locations":[{"start":{"line":50,"column":4},"end":{"line":52,"column":null}},{"start":{},"end":{}}]},"5":{"loc":{"start":{"line":70,"column":4},"end":{"line":72,"column":null}},"type":"if","locations":[{"start":{"line":70,"column":4},"end":{"line":72,"column":null}},{"start":{},"end":{}}]},"6":{"loc":{"start":{"line":75,"column":4},"end":{"line":77,"column":null}},"type":"if","locations":[{"start":{"line":75,"column":4},"end":{"line":77,"column":null}},{"start":{},"end":{}}]}},"s":{"0":13,"1":13,"2":13,"3":13,"4":13,"5":4,"6":4,"7":4,"8":4,"9":1,"10":3,"11":2,"12":1,"13":1,"14":1,"15":1,"16":5,"17":5,"18":5,"19":5,"20":1,"21":4,"22":4,"23":3,"24":1,"25":2,"26":2,"27":1,"28":1,"29":1,"30":1,"31":4,"32":4,"33":4,"34":4,"35":1,"36":3,"37":2,"38":1,"39":1,"40":1,"41":1},"f":{"0":4,"1":5,"2":4},"b":{"0":[1,3],"1":[1,1],"2":[1,4],"3":[1,2],"4":[1,1],"5":[1,3],"6":[1,1]}}
,"C:\\Users\\hphen\\OneDrive\\Documentos\\INATEL\\C14\\GymTrack\\app\\api\\exercises\\[id]\\evolution\\route.ts": {"path":"C:\\Users\\hphen\\OneDrive\\Documentos\\INATEL\\C14\\GymTrack\\app\\api\\exercises\\[id]\\evolution\\route.ts","statementMap":{"0":{"start":{"line":4,"column":22},"end":{"line":4,"column":null}},"1":{"start":{"line":1,"column":47},"end":{"line":1,"column":null}},"2":{"start":{"line":2,"column":33},"end":{"line":2,"column":null}},"3":{"start":{"line":8,"column":2},"end":{"line":74,"column":null}},"4":{"start":{"line":9,"column":19},"end":{"line":9,"column":39}},"5":{"start":{"line":10,"column":21},"end":{"line":10,"column":null}},"6":{"start":{"line":12,"column":4},"end":{"line":14,"column":null}},"7":{"start":{"line":13,"column":6},"end":{"line":13,"column":null}},"8":{"start":{"line":16,"column":17},"end":{"line":16,"column":null}},"9":{"start":{"line":28,"column":8},"end":{"line":28,"column":null}},"10":{"start":{"line":30,"column":4},"end":{"line":48,"column":null}},"11":{"start":{"line":31,"column":19},"end":{"line":31,"column":27}},"12":{"start":{"line":32,"column":6},"end":{"line":41,"column":null}},"13":{"start":{"line":33,"column":8},"end":{"line":40,"column":null}},"14":{"start":{"line":43,"column":19},"end":{"line":43,"column":38}},"15":{"start":{"line":44,"column":6},"end":{"line":44,"column":null}},"16":{"start":{"line":45,"column":6},"end":{"line":45,"column":null}},"17":{"start":{"line":46,"column":6},"end":{"line":46,"column":null}},"18":{"start":{"line":47,"column":6},"end":{"line":47,"column":null}},"19":{"start":{"line":50,"column":22},"end":{"line":55,"column":null}},"20":{"start":{"line":51,"column":22},"end":{"line":54,"column":null}},"21":{"start":{"line":55,"column":22},"end":{"line":55,"column":null}},"22":{"start":{"line":57,"column":25},"end":{"line":57,"column":37}},"23":{"start":{"line":58,"column":24},"end":{"line":58,"column":55}},"24":{"start":{"line":60,"column":21},"end":{"line":68,"column":null}},"25":{"start":{"line":65,"column":28},"end":{"line":65,"column":null}},"26":{"start":{"line":70,"column":4},"end":{"line":70,"column":null}},"27":{"start":{"line":72,"column":4},"end":{"line":72,"column":null}},"28":{"start":{"line":73,"column":4},"end":{"line":73,"column":null}}},"fnMap":{"0":{"name":"GET","decl":{"start":{"line":4,"column":22},"end":{"line":4,"column":null}},"loc":{"start":{"line":6,"column":46},"end":{"line":75,"column":null}}},"1":{"name":"(anonymous_2)","decl":{"start":{"line":30,"column":17},"end":{"line":30,"column":18}},"loc":{"start":{"line":30,"column":18},"end":{"line":48,"column":null}}},"2":{"name":"(anonymous_3)","decl":{"start":{"line":51,"column":11},"end":{"line":51,"column":12}},"loc":{"start":{"line":51,"column":22},"end":{"line":54,"column":null}}},"3":{"name":"(anonymous_4)","decl":{"start":{"line":55,"column":12},"end":{"line":55,"column":13}},"loc":{"start":{"line":55,"column":22},"end":{"line":55,"column":null}}},"4":{"name":"(anonymous_5)","decl":{"start":{"line":65,"column":8},"end":{"line":65,"column":9}},"loc":{"start":{"line":65,"column":28},"end":{"line":65,"column":null}}}},"branchMap":{"0":{"loc":{"start":{"line":12,"column":4},"end":{"line":14,"column":null}},"type":"if","locations":[{"start":{"line":12,"column":4},"end":{"line":14,"column":null}},{"start":{},"end":{}}]},"1":{"loc":{"start":{"line":32,"column":6},"end":{"line":41,"column":null}},"type":"if","locations":[{"start":{"line":32,"column":6},"end":{"line":41,"column":null}},{"start":{},"end":{}}]},"2":{"loc":{"start":{"line":61,"column":22},"end":{"line":61,"column":null}},"type":"cond-expr","locations":[{"start":{"line":61,"column":36},"end":{"line":61,"column":82}},{"start":{"line":61,"column":85},"end":{"line":61,"column":null}}]},"3":{"loc":{"start":{"line":62,"column":22},"end":{"line":62,"column":null}},"type":"cond-expr","locations":[{"start":{"line":62,"column":36},"end":{"line":62,"column":86}},{"start":{"line":62,"column":89},"end":{"line":62,"column":null}}]},"4":{"loc":{"start":{"line":65,"column":28},"end":{"line":65,"column":null}},"type":"cond-expr","locations":[{"start":{"line":65,"column":69},"end":{"line":65,"column":79}},{"start":{"line":65,"column":79},"end":{"line":65,"column":null}}]},"5":{"loc":{"start":{"line":66,"column":8},"end":{"line":66,"column":null}},"type":"binary-expr","locations":[{"start":{"line":66,"column":8},"end":{"line":66,"column":20}},{"start":{"line":66,"column":24},"end":{"line":66,"column":null}}]}},"s":{"0":4,"1":4,"2":4,"3":4,"4":4,"5":4,"6":4,"7":1,"8":3,"9":2,"10":2,"11":2,"12":2,"13":2,"14":2,"15":2,"16":2,"17":2,"18":2,"19":2,"20":2,"21":1,"22":2,"23":2,"24":2,"25":2,"26":2,"27":1,"28":1},"f":{"0":4,"1":2,"2":2,"3":1,"4":2},"b":{"0":[1,3],"1":[2,0],"2":[1,1],"3":[1,1],"4":[0,2],"5":[2,1]}}
,"C:\\Users\\hphen\\OneDrive\\Documentos\\INATEL\\C14\\GymTrack\\app\\api\\logs\\[id]\\route.ts": {"path":"C:\\Users\\hphen\\OneDrive\\Documentos\\INATEL\\C14\\GymTrack\\app\\api\\logs\\[id]\\route.ts","statementMap":{"0":{"start":{"line":45,"column":22},"end":{"line":45,"column":28}},"1":{"start":{"line":5,"column":22},"end":{"line":5,"column":25}},"2":{"start":{"line":1,"column":47},"end":{"line":1,"column":null}},"3":{"start":{"line":2,"column":33},"end":{"line":2,"column":null}},"4":{"start":{"line":6,"column":2},"end":{"line":41,"column":null}},"5":{"start":{"line":7,"column":15},"end":{"line":7,"column":null}},"6":{"start":{"line":9,"column":4},"end":{"line":14,"column":null}},"7":{"start":{"line":10,"column":6},"end":{"line":12,"column":null}},"8":{"start":{"line":16,"column":17},"end":{"line":16,"column":null}},"9":{"start":{"line":18,"column":19},"end":{"line":18,"column":null}},"10":{"start":{"line":19,"column":4},"end":{"line":24,"column":null}},"11":{"start":{"line":20,"column":6},"end":{"line":22,"column":null}},"12":{"start":{"line":26,"column":20},"end":{"line":26,"column":null}},"13":{"start":{"line":27,"column":4},"end":{"line":32,"column":null}},"14":{"start":{"line":28,"column":6},"end":{"line":30,"column":null}},"15":{"start":{"line":34,"column":4},"end":{"line":34,"column":null}},"16":{"start":{"line":36,"column":4},"end":{"line":36,"column":null}},"17":{"start":{"line":37,"column":4},"end":{"line":39,"column":null}},"18":{"start":{"line":46,"column":2},"end":{"line":79,"column":null}},"19":{"start":{"line":47,"column":15},"end":{"line":47,"column":null}},"20":{"start":{"line":49,"column":4},"end":{"line":54,"column":null}},"21":{"start":{"line":50,"column":6},"end":{"line":52,"column":null}},"22":{"start":{"line":56,"column":20},"end":{"line":56,"column":null}},"23":{"start":{"line":57,"column":4},"end":{"line":62,"column":null}},"24":{"start":{"line":58,"column":6},"end":{"line":60,"column":null}},"25":{"start":{"line":64,"column":4},"end":{"line":64,"column":null}},"26":{"start":{"line":67,"column":4},"end":{"line":72,"column":null}},"27":{"start":{"line":68,"column":6},"end":{"line":70,"column":null}},"28":{"start":{"line":74,"column":4},"end":{"line":74,"column":null}},"29":{"start":{"line":75,"column":4},"end":{"line":77,"column":null}}},"fnMap":{"0":{"name":"PUT","decl":{"start":{"line":5,"column":22},"end":{"line":5,"column":25}},"loc":{"start":{"line":5,"column":86},"end":{"line":42,"column":null}}},"1":{"name":"DELETE","decl":{"start":{"line":45,"column":22},"end":{"line":45,"column":28}},"loc":{"start":{"line":45,"column":89},"end":{"line":80,"column":null}}}},"branchMap":{"0":{"loc":{"start":{"line":9,"column":4},"end":{"line":14,"column":null}},"type":"if","locations":[{"start":{"line":9,"column":4},"end":{"line":14,"column":null}},{"start":{},"end":{}}]},"1":{"loc":{"start":{"line":19,"column":4},"end":{"line":24,"column":null}},"type":"if","locations":[{"start":{"line":19,"column":4},"end":{"line":24,"column":null}},{"start":{},"end":{}}]},"2":{"loc":{"start":{"line":27,"column":4},"end":{"line":32,"column":null}},"type":"if","locations":[{"start":{"line":27,"column":4},"end":{"line":32,"column":null}},{"start":{},"end":{}}]},"3":{"loc":{"start":{"line":49,"column":4},"end":{"line":54,"column":null}},"type":"if","locations":[{"start":{"line":49,"column":4},"end":{"line":54,"column":null}},{"start":{},"end":{}}]},"4":{"loc":{"start":{"line":57,"column":4},"end":{"line":62,"column":null}},"type":"if","locations":[{"start":{"line":57,"column":4},"end":{"line":62,"column":null}},{"start":{},"end":{}}]},"5":{"loc":{"start":{"line":67,"column":4},"end":{"line":72,"column":null}},"type":"if","locations":[{"start":{"line":67,"column":4},"end":{"line":72,"column":null}},{"start":{},"end":{}}]},"6":{"loc":{"start":{"line":67,"column":8},"end":{"line":67,"column":90}},"type":"binary-expr","locations":[{"start":{"line":67,"column":8},"end":{"line":67,"column":45}},{"start":{"line":67,"column":45},"end":{"line":67,"column":90}}]}},"s":{"0":10,"1":10,"2":1,"3":1,"4":5,"5":5,"6":5,"7":1,"8":4,"9":3,"10":3,"11":1,"12":2,"13":2,"14":1,"15":1,"16":1,"17":1,"18":5,"19":5,"20":5,"21":1,"22":4,"23":2,"24":1,"25":1,"26":2,"27":1,"28":1,"29":1},"f":{"0":5,"1":5},"b":{"0":[1,4],"1":[1,2],"2":[1,1],"3":[1,4],"4":[1,1],"5":[1,1],"6":[2,2]}}
,"C:\\Users\\hphen\\OneDrive\\Documentos\\INATEL\\C14\\GymTrack\\app\\api\\sessions\\route.ts": {"path":"C:\\Users\\hphen\\OneDrive\\Documentos\\INATEL\\C14\\GymTrack\\app\\api\\sessions\\route.ts","statementMap":{"0":{"start":{"line":5,"column":22},"end":{"line":5,"column":25}},"1":{"start":{"line":19,"column":22},"end":{"line":19,"column":26}},"2":{"start":{"line":1,"column":47},"end":{"line":1,"column":null}},"3":{"start":{"line":2,"column":36},"end":{"line":2,"column":null}},"4":{"start":{"line":6,"column":2},"end":{"line":15,"column":null}},"5":{"start":{"line":7,"column":21},"end":{"line":7,"column":null}},"6":{"start":{"line":8,"column":4},"end":{"line":8,"column":null}},"7":{"start":{"line":10,"column":4},"end":{"line":10,"column":null}},"8":{"start":{"line":11,"column":4},"end":{"line":13,"column":null}},"9":{"start":{"line":20,"column":2},"end":{"line":40,"column":null}},"10":{"start":{"line":21,"column":17},"end":{"line":21,"column":null}},"11":{"start":{"line":23,"column":19},"end":{"line":23,"column":null}},"12":{"start":{"line":24,"column":4},"end":{"line":29,"column":null}},"13":{"start":{"line":25,"column":6},"end":{"line":27,"column":null}},"14":{"start":{"line":31,"column":20},"end":{"line":31,"column":null}},"15":{"start":{"line":33,"column":4},"end":{"line":33,"column":null}},"16":{"start":{"line":35,"column":4},"end":{"line":35,"column":null}},"17":{"start":{"line":36,"column":4},"end":{"line":38,"column":null}}},"fnMap":{"0":{"name":"GET","decl":{"start":{"line":5,"column":22},"end":{"line":5,"column":25}},"loc":{"start":{"line":5,"column":22},"end":{"line":16,"column":null}}},"1":{"name":"POST","decl":{"start":{"line":19,"column":22},"end":{"line":19,"column":26}},"loc":{"start":{"line":19,"column":47},"end":{"line":41,"column":null}}}},"branchMap":{"0":{"loc":{"start":{"line":24,"column":4},"end":{"line":29,"column":null}},"type":"if","locations":[{"start":{"line":24,"column":4},"end":{"line":29,"column":null}},{"start":{},"end":{}}]},"1":{"loc":{"start":{"line":24,"column":8},"end":{"line":24,"column":37}},"type":"binary-expr","locations":[{"start":{"line":24,"column":8},"end":{"line":24,"column":18}},{"start":{"line":24,"column":18},"end":{"line":24,"column":37}}]}},"s":{"0":1,"1":2,"2":1,"3":1,"4":1,"5":1,"6":1,"7":0,"8":0,"9":2,"10":2,"11":2,"12":2,"13":1,"14":1,"15":1,"16":0,"17":0},"f":{"0":1,"1":2},"b":{"0":[1,1],"1":[2,2]}}
,"C:\\Users\\hphen\\OneDrive\\Documentos\\INATEL\\C14\\GymTrack\\app\\api\\sessions\\[id]\\route.ts": {"path":"C:\\Users\\hphen\\OneDrive\\Documentos\\INATEL\\C14\\GymTrack\\app\\api\\sessions\\[id]\\route.ts","statementMap":{"0":{"start":{"line":77,"column":22},"end":{"line":77,"column":28}},"1":{"start":{"line":5,"column":22},"end":{"line":5,"column":25}},"2":{"start":{"line":36,"column":22},"end":{"line":36,"column":25}},"3":{"start":{"line":1,"column":47},"end":{"line":1,"column":null}},"4":{"start":{"line":2,"column":36},"end":{"line":2,"column":null}},"5":{"start":{"line":6,"column":2},"end":{"line":32,"column":null}},"6":{"start":{"line":7,"column":15},"end":{"line":7,"column":null}},"7":{"start":{"line":9,"column":4},"end":{"line":14,"column":null}},"8":{"start":{"line":10,"column":6},"end":{"line":12,"column":null}},"9":{"start":{"line":16,"column":20},"end":{"line":16,"column":null}},"10":{"start":{"line":18,"column":4},"end":{"line":23,"column":null}},"11":{"start":{"line":19,"column":6},"end":{"line":21,"column":null}},"12":{"start":{"line":25,"column":4},"end":{"line":25,"column":null}},"13":{"start":{"line":27,"column":4},"end":{"line":27,"column":null}},"14":{"start":{"line":28,"column":4},"end":{"line":30,"column":null}},"15":{"start":{"line":37,"column":2},"end":{"line":73,"column":null}},"16":{"start":{"line":38,"column":15},"end":{"line":38,"column":null}},"17":{"start":{"line":40,"column":4},"end":{"line":45,"column":null}},"18":{"start":{"line":41,"column":6},"end":{"line":43,"column":null}},"19":{"start":{"line":47,"column":17},"end":{"line":47,"column":null}},"20":{"start":{"line":49,"column":19},"end":{"line":49,"column":null}},"21":{"start":{"line":50,"column":4},"end":{"line":55,"column":null}},"22":{"start":{"line":51,"column":6},"end":{"line":53,"column":null}},"23":{"start":{"line":57,"column":20},"end":{"line":57,"column":null}},"24":{"start":{"line":59,"column":4},"end":{"line":64,"column":null}},"25":{"start":{"line":60,"column":6},"end":{"line":62,"column":null}},"26":{"start":{"line":66,"column":4},"end":{"line":66,"column":null}},"27":{"start":{"line":68,"column":4},"end":{"line":68,"column":null}},"28":{"start":{"line":69,"column":4},"end":{"line":71,"column":null}},"29":{"start":{"line":78,"column":2},"end":{"line":104,"column":null}},"30":{"start":{"line":79,"column":15},"end":{"line":79,"column":null}},"31":{"start":{"line":81,"column":4},"end":{"line":86,"column":null}},"32":{"start":{"line":82,"column":6},"end":{"line":84,"column":null}},"33":{"start":{"line":88,"column":20},"end":{"line":88,"column":null}},"34":{"start":{"line":90,"column":4},"end":{"line":95,"column":null}},"35":{"start":{"line":91,"column":6},"end":{"line":93,"column":null}},"36":{"start":{"line":97,"column":4},"end":{"line":97,"column":null}},"37":{"start":{"line":99,"column":4},"end":{"line":99,"column":null}},"38":{"start":{"line":100,"column":4},"end":{"line":102,"column":null}}},"fnMap":{"0":{"name":"GET","decl":{"start":{"line":5,"column":22},"end":{"line":5,"column":25}},"loc":{"start":{"line":5,"column":80},"end":{"line":33,"column":null}}},"1":{"name":"PUT","decl":{"start":{"line":36,"column":22},"end":{"line":36,"column":25}},"loc":{"start":{"line":36,"column":86},"end":{"line":74,"column":null}}},"2":{"name":"DELETE","decl":{"start":{"line":77,"column":22},"end":{"line":77,"column":28}},"loc":{"start":{"line":77,"column":83},"end":{"line":105,"column":null}}}},"branchMap":{"0":{"loc":{"start":{"line":9,"column":4},"end":{"line":14,"column":null}},"type":"if","locations":[{"start":{"line":9,"column":4},"end":{"line":14,"column":null}},{"start":{},"end":{}}]},"1":{"loc":{"start":{"line":18,"column":4},"end":{"line":23,"column":null}},"type":"if","locations":[{"start":{"line":18,"column":4},"end":{"line":23,"column":null}},{"start":{},"end":{}}]},"2":{"loc":{"start":{"line":40,"column":4},"end":{"line":45,"column":null}},"type":"if","locations":[{"start":{"line":40,"column":4},"end":{"line":45,"column":null}},{"start":{},"end":{}}]},"3":{"loc":{"start":{"line":50,"column":4},"end":{"line":55,"column":null}},"type":"if","locations":[{"start":{"line":50,"column":4},"end":{"line":55,"column":null}},{"start":{},"end":{}}]},"4":{"loc":{"start":{"line":50,"column":8},"end":{"line":50,"column":37}},"type":"binary-expr","locations":[{"start":{"line":50,"column":8},"end":{"line":50,"column":18}},{"start":{"line":50,"column":18},"end":{"line":50,"column":37}}]},"5":{"loc":{"start":{"line":59,"column":4},"end":{"line":64,"column":null}},"type":"if","locations":[{"start":{"line":59,"column":4},"end":{"line":64,"column":null}},{"start":{},"end":{}}]},"6":{"loc":{"start":{"line":81,"column":4},"end":{"line":86,"column":null}},"type":"if","locations":[{"start":{"line":81,"column":4},"end":{"line":86,"column":null}},{"start":{},"end":{}}]},"7":{"loc":{"start":{"line":90,"column":4},"end":{"line":95,"column":null}},"type":"if","locations":[{"start":{"line":90,"column":4},"end":{"line":95,"column":null}},{"start":{},"end":{}}]}},"s":{"0":7,"1":7,"2":7,"3":1,"4":1,"5":2,"6":2,"7":2,"8":0,"9":2,"10":2,"11":1,"12":1,"13":0,"14":0,"15":3,"16":3,"17":3,"18":0,"19":3,"20":3,"21":3,"22":1,"23":2,"24":2,"25":1,"26":1,"27":0,"28":0,"29":2,"30":2,"31":2,"32":0,"33":2,"34":2,"35":1,"36":1,"37":0,"38":0},"f":{"0":2,"1":3,"2":2},"b":{"0":[0,2],"1":[1,1],"2":[0,3],"3":[1,2],"4":[3,3],"5":[1,1],"6":[0,2],"7":[1,1]}}
,"C:\\Users\\hphen\\OneDrive\\Documentos\\INATEL\\C14\\GymTrack\\app\\api\\sessions\\[id]\\logs\\route.ts": {"path":"C:\\Users\\hphen\\OneDrive\\Documentos\\INATEL\\C14\\GymTrack\\app\\api\\sessions\\[id]\\logs\\route.ts","statementMap":{"0":{"start":{"line":5,"column":22},"end":{"line":5,"column":27}},"1":{"start":{"line":1,"column":47},"end":{"line":1,"column":null}},"2":{"start":{"line":2,"column":33},"end":{"line":2,"column":null}},"3":{"start":{"line":6,"column":2},"end":{"line":41,"column":null}},"4":{"start":{"line":7,"column":22},"end":{"line":7,"column":null}},"5":{"start":{"line":9,"column":4},"end":{"line":14,"column":null}},"6":{"start":{"line":10,"column":6},"end":{"line":12,"column":null}},"7":{"start":{"line":16,"column":17},"end":{"line":16,"column":null}},"8":{"start":{"line":19,"column":20},"end":{"line":22,"column":null}},"9":{"start":{"line":24,"column":19},"end":{"line":24,"column":null}},"10":{"start":{"line":25,"column":4},"end":{"line":30,"column":null}},"11":{"start":{"line":26,"column":6},"end":{"line":28,"column":null}},"12":{"start":{"line":32,"column":20},"end":{"line":32,"column":null}},"13":{"start":{"line":34,"column":4},"end":{"line":34,"column":null}},"14":{"start":{"line":36,"column":4},"end":{"line":36,"column":null}},"15":{"start":{"line":37,"column":4},"end":{"line":39,"column":null}}},"fnMap":{"0":{"name":"POST","decl":{"start":{"line":5,"column":22},"end":{"line":5,"column":27}},"loc":{"start":{"line":5,"column":87},"end":{"line":42,"column":null}}}},"branchMap":{"0":{"loc":{"start":{"line":9,"column":4},"end":{"line":14,"column":null}},"type":"if","locations":[{"start":{"line":9,"column":4},"end":{"line":14,"column":null}},{"start":{},"end":{}}]},"1":{"loc":{"start":{"line":25,"column":4},"end":{"line":30,"column":null}},"type":"if","locations":[{"start":{"line":25,"column":4},"end":{"line":30,"column":null}},{"start":{},"end":{}}]}},"s":{"0":1,"1":1,"2":1,"3":4,"4":4,"5":4,"6":1,"7":3,"8":3,"9":3,"10":3,"11":1,"12":2,"13":1,"14":1,"15":1},"f":{"0":4},"b":{"0":[1,3],"1":[1,2]}}
,"C:\\Users\\hphen\\OneDrive\\Documentos\\INATEL\\C14\\GymTrack\\app\\api\\workouts\\route.ts": {"path":"C:\\Users\\hphen\\OneDrive\\Documentos\\INATEL\\C14\\GymTrack\\app\\api\\workouts\\route.ts","statementMap":{"0":{"start":{"line":14,"column":22},"end":{"line":14,"column":25}},"1":{"start":{"line":23,"column":22},"end":{"line":23,"column":26}},"2":{"start":{"line":1,"column":47},"end":{"line":1,"column":null}},"3":{"start":{"line":2,"column":37},"end":{"line":2,"column":null}},"4":{"start":{"line":6,"column":2},"end":{"line":6,"column":null}},"5":{"start":{"line":10,"column":2},"end":{"line":10,"column":null}},"6":{"start":{"line":11,"column":2},"end":{"line":11,"column":null}},"7":{"start":{"line":15,"column":2},"end":{"line":20,"column":null}},"8":{"start":{"line":16,"column":21},"end":{"line":16,"column":null}},"9":{"start":{"line":17,"column":4},"end":{"line":17,"column":null}},"10":{"start":{"line":19,"column":4},"end":{"line":19,"column":null}},"11":{"start":{"line":24,"column":2},"end":{"line":36,"column":null}},"12":{"start":{"line":25,"column":17},"end":{"line":25,"column":null}},"13":{"start":{"line":27,"column":19},"end":{"line":27,"column":null}},"14":{"start":{"line":28,"column":4},"end":{"line":30,"column":null}},"15":{"start":{"line":29,"column":6},"end":{"line":29,"column":null}},"16":{"start":{"line":32,"column":20},"end":{"line":32,"column":null}},"17":{"start":{"line":33,"column":4},"end":{"line":33,"column":null}},"18":{"start":{"line":35,"column":4},"end":{"line":35,"column":null}}},"fnMap":{"0":{"name":"badRequest","decl":{"start":{"line":5,"column":9},"end":{"line":5,"column":20}},"loc":{"start":{"line":5,"column":50},"end":{"line":7,"column":null}}},"1":{"name":"serverError","decl":{"start":{"line":9,"column":9},"end":{"line":9,"column":21}},"loc":{"start":{"line":9,"column":52},"end":{"line":12,"column":null}}},"2":{"name":"GET","decl":{"start":{"line":14,"column":22},"end":{"line":14,"column":25}},"loc":{"start":{"line":14,"column":22},"end":{"line":21,"column":null}}},"3":{"name":"POST","decl":{"start":{"line":23,"column":22},"end":{"line":23,"column":26}},"loc":{"start":{"line":23,"column":47},"end":{"line":37,"column":null}}}},"branchMap":{"0":{"loc":{"start":{"line":6,"column":49},"end":{"line":6,"column":71}},"type":"binary-expr","locations":[{"start":{"line":6,"column":49},"end":{"line":6,"column":60}},{"start":{"line":6,"column":60},"end":{"line":6,"column":71}}]},"1":{"loc":{"start":{"line":28,"column":4},"end":{"line":30,"column":null}},"type":"if","locations":[{"start":{"line":28,"column":4},"end":{"line":30,"column":null}},{"start":{},"end":{}}]}},"s":{"0":3,"1":3,"2":3,"3":3,"4":1,"5":0,"6":0,"7":1,"8":1,"9":1,"10":0,"11":2,"12":2,"13":2,"14":2,"15":1,"16":1,"17":1,"18":0},"f":{"0":1,"1":0,"2":1,"3":2},"b":{"0":[1,1],"1":[1,1]}}
,"C:\\Users\\hphen\\OneDrive\\Documentos\\INATEL\\C14\\GymTrack\\app\\api\\workouts\\[id]\\route.ts": {"path":"C:\\Users\\hphen\\OneDrive\\Documentos\\INATEL\\C14\\GymTrack\\app\\api\\workouts\\[id]\\route.ts","statementMap":{"0":{"start":{"line":58,"column":22},"end":{"line":58,"column":28}},"1":{"start":{"line":23,"column":22},"end":{"line":23,"column":25}},"2":{"start":{"line":37,"column":22},"end":{"line":37,"column":25}},"3":{"start":{"line":1,"column":47},"end":{"line":1,"column":null}},"4":{"start":{"line":2,"column":37},"end":{"line":2,"column":null}},"5":{"start":{"line":6,"column":14},"end":{"line":6,"column":null}},"6":{"start":{"line":7,"column":2},"end":{"line":7,"column":null}},"7":{"start":{"line":11,"column":2},"end":{"line":11,"column":null}},"8":{"start":{"line":15,"column":2},"end":{"line":15,"column":null}},"9":{"start":{"line":19,"column":2},"end":{"line":19,"column":null}},"10":{"start":{"line":20,"column":2},"end":{"line":20,"column":null}},"11":{"start":{"line":24,"column":2},"end":{"line":34,"column":null}},"12":{"start":{"line":25,"column":22},"end":{"line":25,"column":null}},"13":{"start":{"line":26,"column":4},"end":{"line":26,"column":null}},"14":{"start":{"line":26,"column":20},"end":{"line":26,"column":null}},"15":{"start":{"line":28,"column":20},"end":{"line":28,"column":null}},"16":{"start":{"line":29,"column":4},"end":{"line":29,"column":null}},"17":{"start":{"line":29,"column":18},"end":{"line":29,"column":null}},"18":{"start":{"line":31,"column":4},"end":{"line":31,"column":null}},"19":{"start":{"line":33,"column":4},"end":{"line":33,"column":null}},"20":{"start":{"line":38,"column":2},"end":{"line":55,"column":null}},"21":{"start":{"line":39,"column":22},"end":{"line":39,"column":null}},"22":{"start":{"line":40,"column":4},"end":{"line":40,"column":null}},"23":{"start":{"line":40,"column":20},"end":{"line":40,"column":null}},"24":{"start":{"line":42,"column":17},"end":{"line":42,"column":null}},"25":{"start":{"line":44,"column":19},"end":{"line":44,"column":null}},"26":{"start":{"line":45,"column":4},"end":{"line":47,"column":null}},"27":{"start":{"line":46,"column":6},"end":{"line":46,"column":null}},"28":{"start":{"line":49,"column":20},"end":{"line":49,"column":null}},"29":{"start":{"line":50,"column":4},"end":{"line":50,"column":null}},"30":{"start":{"line":50,"column":18},"end":{"line":50,"column":null}},"31":{"start":{"line":52,"column":4},"end":{"line":52,"column":null}},"32":{"start":{"line":54,"column":4},"end":{"line":54,"column":null}},"33":{"start":{"line":59,"column":2},"end":{"line":69,"column":null}},"34":{"start":{"line":60,"column":22},"end":{"line":60,"column":null}},"35":{"start":{"line":61,"column":4},"end":{"line":61,"column":null}},"36":{"start":{"line":61,"column":20},"end":{"line":61,"column":null}},"37":{"start":{"line":63,"column":20},"end":{"line":63,"column":null}},"38":{"start":{"line":64,"column":4},"end":{"line":64,"column":null}},"39":{"start":{"line":64,"column":18},"end":{"line":64,"column":null}},"40":{"start":{"line":66,"column":4},"end":{"line":66,"column":null}},"41":{"start":{"line":68,"column":4},"end":{"line":68,"column":null}}},"fnMap":{"0":{"name":"parseWorkoutId","decl":{"start":{"line":5,"column":9},"end":{"line":5,"column":24}},"loc":{"start":{"line":5,"column":34},"end":{"line":8,"column":null}}},"1":{"name":"badRequest","decl":{"start":{"line":10,"column":9},"end":{"line":10,"column":20}},"loc":{"start":{"line":10,"column":50},"end":{"line":12,"column":null}}},"2":{"name":"notFound","decl":{"start":{"line":14,"column":9},"end":{"line":14,"column":18}},"loc":{"start":{"line":14,"column":33},"end":{"line":16,"column":null}}},"3":{"name":"serverError","decl":{"start":{"line":18,"column":9},"end":{"line":18,"column":21}},"loc":{"start":{"line":18,"column":52},"end":{"line":21,"column":null}}},"4":{"name":"GET","decl":{"start":{"line":23,"column":22},"end":{"line":23,"column":25}},"loc":{"start":{"line":23,"column":86},"end":{"line":35,"column":null}}},"5":{"name":"PUT","decl":{"start":{"line":37,"column":22},"end":{"line":37,"column":25}},"loc":{"start":{"line":37,"column":86},"end":{"line":56,"column":null}}},"6":{"name":"DELETE","decl":{"start":{"line":58,"column":22},"end":{"line":58,"column":28}},"loc":{"start":{"line":58,"column":89},"end":{"line":70,"column":null}}}},"branchMap":{"0":{"loc":{"start":{"line":7,"column":9},"end":{"line":7,"column":null}},"type":"cond-expr","locations":[{"start":{"line":7,"column":22},"end":{"line":7,"column":29}},{"start":{"line":7,"column":29},"end":{"line":7,"column":null}}]},"1":{"loc":{"start":{"line":11,"column":49},"end":{"line":11,"column":71}},"type":"binary-expr","locations":[{"start":{"line":11,"column":49},"end":{"line":11,"column":60}},{"start":{"line":11,"column":60},"end":{"line":11,"column":71}}]},"2":{"loc":{"start":{"line":26,"column":4},"end":{"line":26,"column":null}},"type":"if","locations":[{"start":{"line":26,"column":4},"end":{"line":26,"column":null}},{"start":{},"end":{}}]},"3":{"loc":{"start":{"line":29,"column":4},"end":{"line":29,"column":null}},"type":"if","locations":[{"start":{"line":29,"column":4},"end":{"line":29,"column":null}},{"start":{},"end":{}}]},"4":{"loc":{"start":{"line":40,"column":4},"end":{"line":40,"column":null}},"type":"if","locations":[{"start":{"line":40,"column":4},"end":{"line":40,"column":null}},{"start":{},"end":{}}]},"5":{"loc":{"start":{"line":45,"column":4},"end":{"line":47,"column":null}},"type":"if","locations":[{"start":{"line":45,"column":4},"end":{"line":47,"column":null}},{"start":{},"end":{}}]},"6":{"loc":{"start":{"line":50,"column":4},"end":{"line":50,"column":null}},"type":"if","locations":[{"start":{"line":50,"column":4},"end":{"line":50,"column":null}},{"start":{},"end":{}}]},"7":{"loc":{"start":{"line":61,"column":4},"end":{"line":61,"column":null}},"type":"if","locations":[{"start":{"line":61,"column":4},"end":{"line":61,"column":null}},{"start":{},"end":{}}]},"8":{"loc":{"start":{"line":64,"column":4},"end":{"line":64,"column":null}},"type":"if","locations":[{"start":{"line":64,"column":4},"end":{"line":64,"column":null}},{"start":{},"end":{}}]}},"s":{"0":3,"1":3,"2":3,"3":3,"4":3,"5":3,"6":3,"7":0,"8":0,"9":0,"10":0,"11":1,"12":1,"13":1,"14":0,"15":1,"16":1,"17":0,"18":1,"19":0,"20":1,"21":1,"22":1,"23":0,"24":1,"25":1,"26":1,"27":0,"28":1,"29":1,"30":0,"31":1,"32":0,"33":1,"34":1,"35":1,"36":0,"37":1,"38":1,"39":0,"40":1,"41":0},"f":{"0":3,"1":0,"2":0,"3":0,"4":1,"5":1,"6":1},"b":{"0":[0,3],"1":[0,0],"2":[0,1],"3":[0,1],"4":[0,1],"5":[0,1],"6":[0,1],"7":[0,1],"8":[0,1]}}
,"C:\\Users\\hphen\\OneDrive\\Documentos\\INATEL\\C14\\GymTrack\\app\\api\\workouts\\[id]\\exercises\\route.ts": {"path":"C:\\Users\\hphen\\OneDrive\\Documentos\\INATEL\\C14\\GymTrack\\app\\api\\workouts\\[id]\\exercises\\route.ts","statementMap":{"0":{"start":{"line":42,"column":22},"end":{"line":42,"column":28}},"1":{"start":{"line":19,"column":22},"end":{"line":19,"column":26}},"2":{"start":{"line":1,"column":47},"end":{"line":1,"column":null}},"3":{"start":{"line":2,"column":37},"end":{"line":2,"column":null}},"4":{"start":{"line":6,"column":14},"end":{"line":6,"column":null}},"5":{"start":{"line":7,"column":2},"end":{"line":7,"column":null}},"6":{"start":{"line":11,"column":2},"end":{"line":11,"column":null}},"7":{"start":{"line":15,"column":2},"end":{"line":15,"column":null}},"8":{"start":{"line":16,"column":2},"end":{"line":16,"column":null}},"9":{"start":{"line":20,"column":2},"end":{"line":39,"column":null}},"10":{"start":{"line":21,"column":22},"end":{"line":21,"column":null}},"11":{"start":{"line":22,"column":4},"end":{"line":22,"column":null}},"12":{"start":{"line":22,"column":20},"end":{"line":22,"column":null}},"13":{"start":{"line":24,"column":17},"end":{"line":24,"column":null}},"14":{"start":{"line":26,"column":19},"end":{"line":26,"column":null}},"15":{"start":{"line":27,"column":4},"end":{"line":29,"column":null}},"16":{"start":{"line":28,"column":6},"end":{"line":28,"column":null}},"17":{"start":{"line":31,"column":20},"end":{"line":31,"column":null}},"18":{"start":{"line":32,"column":4},"end":{"line":34,"column":null}},"19":{"start":{"line":33,"column":6},"end":{"line":33,"column":null}},"20":{"start":{"line":36,"column":4},"end":{"line":36,"column":null}},"21":{"start":{"line":38,"column":4},"end":{"line":38,"column":null}},"22":{"start":{"line":43,"column":2},"end":{"line":61,"column":null}},"23":{"start":{"line":44,"column":22},"end":{"line":44,"column":null}},"24":{"start":{"line":45,"column":4},"end":{"line":45,"column":null}},"25":{"start":{"line":45,"column":20},"end":{"line":45,"column":null}},"26":{"start":{"line":47,"column":17},"end":{"line":47,"column":null}},"27":{"start":{"line":48,"column":23},"end":{"line":48,"column":39}},"28":{"start":{"line":50,"column":4},"end":{"line":50,"column":null}},"29":{"start":{"line":50,"column":21},"end":{"line":50,"column":null}},"30":{"start":{"line":52,"column":20},"end":{"line":52,"column":null}},"31":{"start":{"line":54,"column":4},"end":{"line":56,"column":null}},"32":{"start":{"line":55,"column":6},"end":{"line":55,"column":null}},"33":{"start":{"line":58,"column":4},"end":{"line":58,"column":null}},"34":{"start":{"line":60,"column":4},"end":{"line":60,"column":null}}},"fnMap":{"0":{"name":"parseWorkoutId","decl":{"start":{"line":5,"column":9},"end":{"line":5,"column":24}},"loc":{"start":{"line":5,"column":34},"end":{"line":8,"column":null}}},"1":{"name":"badRequest","decl":{"start":{"line":10,"column":9},"end":{"line":10,"column":20}},"loc":{"start":{"line":10,"column":50},"end":{"line":12,"column":null}}},"2":{"name":"serverError","decl":{"start":{"line":14,"column":9},"end":{"line":14,"column":21}},"loc":{"start":{"line":14,"column":52},"end":{"line":17,"column":null}}},"3":{"name":"POST","decl":{"start":{"line":19,"column":22},"end":{"line":19,"column":26}},"loc":{"start":{"line":19,"column":87},"end":{"line":40,"column":null}}},"4":{"name":"DELETE","decl":{"start":{"line":42,"column":22},"end":{"line":42,"column":28}},"loc":{"start":{"line":42,"column":89},"end":{"line":62,"column":null}}}},"branchMap":{"0":{"loc":{"start":{"line":7,"column":9},"end":{"line":7,"column":null}},"type":"cond-expr","locations":[{"start":{"line":7,"column":22},"end":{"line":7,"column":29}},{"start":{"line":7,"column":29},"end":{"line":7,"column":null}}]},"1":{"loc":{"start":{"line":11,"column":49},"end":{"line":11,"column":71}},"type":"binary-expr","locations":[{"start":{"line":11,"column":49},"end":{"line":11,"column":60}},{"start":{"line":11,"column":60},"end":{"line":11,"column":71}}]},"2":{"loc":{"start":{"line":22,"column":4},"end":{"line":22,"column":null}},"type":"if","locations":[{"start":{"line":22,"column":4},"end":{"line":22,"column":null}},{"start":{},"end":{}}]},"3":{"loc":{"start":{"line":27,"column":4},"end":{"line":29,"column":null}},"type":"if","locations":[{"start":{"line":27,"column":4},"end":{"line":29,"column":null}},{"start":{},"end":{}}]},"4":{"loc":{"start":{"line":32,"column":4},"end":{"line":34,"column":null}},"type":"if","locations":[{"start":{"line":32,"column":4},"end":{"line":34,"column":null}},{"start":{},"end":{}}]},"5":{"loc":{"start":{"line":45,"column":4},"end":{"line":45,"column":null}},"type":"if","locations":[{"start":{"line":45,"column":4},"end":{"line":45,"column":null}},{"start":{},"end":{}}]},"6":{"loc":{"start":{"line":50,"column":4},"end":{"line":50,"column":null}},"type":"if","locations":[{"start":{"line":50,"column":4},"end":{"line":50,"column":null}},{"start":{},"end":{}}]},"7":{"loc":{"start":{"line":54,"column":4},"end":{"line":56,"column":null}},"type":"if","locations":[{"start":{"line":54,"column":4},"end":{"line":56,"column":null}},{"start":{},"end":{}}]}},"s":{"0":6,"1":6,"2":1,"3":1,"4":6,"5":6,"6":3,"7":0,"8":0,"9":3,"10":3,"11":3,"12":0,"13":3,"14":3,"15":3,"16":1,"17":2,"18":2,"19":1,"20":1,"21":0,"22":3,"23":3,"24":3,"25":0,"26":3,"27":3,"28":3,"29":1,"30":2,"31":2,"32":1,"33":1,"34":0},"f":{"0":6,"1":3,"2":0,"3":3,"4":3},"b":{"0":[0,6],"1":[3,1],"2":[0,3],"3":[1,2],"4":[1,1],"5":[0,3],"6":[1,2],"7":[1,1]}}
,"C:\\Users\\hphen\\OneDrive\\Documentos\\INATEL\\C14\\GymTrack\\lib\\database.ts": {"path":"C:\\Users\\hphen\\OneDrive\\Documentos\\INATEL\\C14\\GymTrack\\lib\\database.ts","statementMap":{"0":{"start":{"line":89,"column":0},"end":{"line":89,"column":15}},"1":{"start":{"line":1,"column":21},"end":{"line":1,"column":null}},"2":{"start":{"line":2,"column":17},"end":{"line":2,"column":null}},"3":{"start":{"line":5,"column":15},"end":{"line":5,"column":null}},"4":{"start":{"line":6,"column":11},"end":{"line":6,"column":null}},"5":{"start":{"line":9,"column":0},"end":{"line":9,"column":null}},"6":{"start":{"line":12,"column":21},"end":{"line":84,"column":null}},"7":{"start":{"line":14,"column":2},"end":{"line":24,"column":null}},"8":{"start":{"line":27,"column":2},"end":{"line":35,"column":null}},"9":{"start":{"line":38,"column":2},"end":{"line":51,"column":null}},"10":{"start":{"line":54,"column":2},"end":{"line":64,"column":null}},"11":{"start":{"line":67,"column":2},"end":{"line":81,"column":null}},"12":{"start":{"line":83,"column":2},"end":{"line":83,"column":null}},"13":{"start":{"line":87,"column":0},"end":{"line":87,"column":null}},"14":{"start":{"line":89,"column":15},"end":{"line":89,"column":null}}},"fnMap":{"0":{"name":"(anonymous_2)","decl":{"start":{"line":12,"column":21},"end":{"line":12,"column":null}},"loc":{"start":{"line":12,"column":21},"end":{"line":84,"column":null}}}},"branchMap":{},"s":{"0":22,"1":1,"2":1,"3":1,"4":1,"5":1,"6":1,"7":1,"8":1,"9":1,"10":1,"11":1,"12":1,"13":1,"14":1},"f":{"0":1},"b":{}}
,"C:\\Users\\hphen\\OneDrive\\Documentos\\INATEL\\C14\\GymTrack\\lib\\utils.ts": {"path":"C:\\Users\\hphen\\OneDrive\\Documentos\\INATEL\\C14\\GymTrack\\lib\\utils.ts","statementMap":{"0":{"start":{"line":4,"column":16},"end":{"line":4,"column":19}},"1":{"start":{"line":1,"column":38},"end":{"line":1,"column":null}},"2":{"start":{"line":2,"column":24},"end":{"line":2,"column":null}},"3":{"start":{"line":5,"column":2},"end":{"line":5,"column":null}}},"fnMap":{"0":{"name":"cn","decl":{"start":{"line":4,"column":16},"end":{"line":4,"column":19}},"loc":{"start":{"line":4,"column":42},"end":{"line":6,"column":null}}}},"branchMap":{},"s":{"0":0,"1":0,"2":0,"3":0},"f":{"0":0},"b":{}}
,"C:\\Users\\hphen\\OneDrive\\Documentos\\INATEL\\C14\\GymTrack\\lib\\models\\Exercise.ts": {"path":"C:\\Users\\hphen\\OneDrive\\Documentos\\INATEL\\C14\\GymTrack\\lib\\models\\Exercise.ts","statementMap":{"0":{"start":{"line":13,"column":13},"end":{"line":13,"column":null}},"1":{"start":{"line":1,"column":15},"end":{"line":1,"column":null}},"2":{"start":{"line":15,"column":17},"end":{"line":18,"column":null}},"3":{"start":{"line":20,"column":19},"end":{"line":24,"column":null}},"4":{"start":{"line":27,"column":4},"end":{"line":27,"column":null}},"5":{"start":{"line":31,"column":17},"end":{"line":31,"column":null}},"6":{"start":{"line":32,"column":4},"end":{"line":32,"column":null}},"7":{"start":{"line":36,"column":17},"end":{"line":36,"column":null}},"8":{"start":{"line":37,"column":4},"end":{"line":37,"column":null}},"9":{"start":{"line":41,"column":17},"end":{"line":41,"column":null}},"10":{"start":{"line":42,"column":4},"end":{"line":42,"column":null}},"11":{"start":{"line":46,"column":19},"end":{"line":46,"column":21}},"12":{"start":{"line":47,"column":19},"end":{"line":47,"column":21}},"13":{"start":{"line":49,"column":4},"end":{"line":52,"column":null}},"14":{"start":{"line":50,"column":6},"end":{"line":50,"column":null}},"15":{"start":{"line":51,"column":6},"end":{"line":51,"column":null}},"16":{"start":{"line":53,"column":4},"end":{"line":56,"column":null}},"17":{"start":{"line":54,"column":6},"end":{"line":54,"column":null}},"18":{"start":{"line":55,"column":6},"end":{"line":55,"column":null}},"19":{"start":{"line":57,"column":4},"end":{"line":60,"column":null}},"20":{"start":{"line":58,"column":6},"end":{"line":58,"column":null}},"21":{"start":{"line":59,"column":6},"end":{"line":59,"column":null}},"22":{"start":{"line":61,"column":4},"end":{"line":64,"column":null}},"23":{"start":{"line":62,"column":6},"end":{"line":62,"column":null}},"24":{"start":{"line":63,"column":6},"end":{"line":63,"column":null}},"25":{"start":{"line":66,"column":4},"end":{"line":66,"column":null}},"26":{"start":{"line":67,"column":4},"end":{"line":67,"column":null}},"27":{"start":{"line":69,"column":17},"end":{"line":73,"column":null}},"28":{"start":{"line":75,"column":4},"end":{"line":75,"column":null}},"29":{"start":{"line":76,"column":4},"end":{"line":76,"column":null}},"30":{"start":{"line":80,"column":17},"end":{"line":80,"column":null}},"31":{"start":{"line":81,"column":19},"end":{"line":81,"column":null}},"32":{"start":{"line":82,"column":4},"end":{"line":82,"column":null}},"33":{"start":{"line":86,"column":29},"end":{"line":86,"column":31}},"34":{"start":{"line":88,"column":4},"end":{"line":90,"column":null}},"35":{"start":{"line":89,"column":6},"end":{"line":89,"column":null}},"36":{"start":{"line":92,"column":4},"end":{"line":94,"column":null}},"37":{"start":{"line":93,"column":6},"end":{"line":93,"column":null}},"38":{"start":{"line":96,"column":4},"end":{"line":98,"column":null}},"39":{"start":{"line":97,"column":6},"end":{"line":97,"column":null}},"40":{"start":{"line":100,"column":4},"end":{"line":100,"column":null}},"41":{"start":{"line":104,"column":4},"end":{"line":109,"column":null}},"42":{"start":{"line":105,"column":6},"end":{"line":105,"column":null}},"43":{"start":{"line":106,"column":6},"end":{"line":106,"column":null}},"44":{"start":{"line":108,"column":6},"end":{"line":108,"column":null}}},"fnMap":{"0":{"name":"(anonymous_2)","decl":{"start":{"line":14,"column":2},"end":{"line":14,"column":9}},"loc":{"start":{"line":14,"column":88},"end":{"line":28,"column":null}}},"1":{"name":"(anonymous_3)","decl":{"start":{"line":30,"column":2},"end":{"line":30,"column":9}},"loc":{"start":{"line":30,"column":31},"end":{"line":33,"column":null}}},"2":{"name":"(anonymous_4)","decl":{"start":{"line":35,"column":2},"end":{"line":35,"column":9}},"loc":{"start":{"line":35,"column":47},"end":{"line":38,"column":null}}},"3":{"name":"(anonymous_5)","decl":{"start":{"line":40,"column":2},"end":{"line":40,"column":9}},"loc":{"start":{"line":40,"column":60},"end":{"line":43,"column":null}}},"4":{"name":"(anonymous_6)","decl":{"start":{"line":45,"column":2},"end":{"line":45,"column":9}},"loc":{"start":{"line":45,"column":74},"end":{"line":77,"column":null}}},"5":{"name":"(anonymous_7)","decl":{"start":{"line":79,"column":2},"end":{"line":79,"column":9}},"loc":{"start":{"line":79,"column":37},"end":{"line":83,"column":null}}},"6":{"name":"(anonymous_8)","decl":{"start":{"line":85,"column":2},"end":{"line":85,"column":9}},"loc":{"start":{"line":85,"column":65},"end":{"line":101,"column":null}}},"7":{"name":"(anonymous_9)","decl":{"start":{"line":103,"column":2},"end":{"line":103,"column":17}},"loc":{"start":{"line":103,"column":50},"end":{"line":110,"column":null}}}},"branchMap":{"0":{"loc":{"start":{"line":23,"column":6},"end":{"line":23,"column":null}},"type":"binary-expr","locations":[{"start":{"line":23,"column":6},"end":{"line":23,"column":26}},{"start":{"line":23,"column":30},"end":{"line":23,"column":null}}]},"1":{"loc":{"start":{"line":24,"column":6},"end":{"line":24,"column":null}},"type":"binary-expr","locations":[{"start":{"line":24,"column":6},"end":{"line":24,"column":24}},{"start":{"line":24,"column":28},"end":{"line":24,"column":null}}]},"2":{"loc":{"start":{"line":49,"column":4},"end":{"line":52,"column":null}},"type":"if","locations":[{"start":{"line":49,"column":4},"end":{"line":52,"column":null}},{"start":{},"end":{}}]},"3":{"loc":{"start":{"line":53,"column":4},"end":{"line":56,"column":null}},"type":"if","locations":[{"start":{"line":53,"column":4},"end":{"line":56,"column":null}},{"start":{},"end":{}}]},"4":{"loc":{"start":{"line":57,"column":4},"end":{"line":60,"column":null}},"type":"if","locations":[{"start":{"line":57,"column":4},"end":{"line":60,"column":null}},{"start":{},"end":{}}]},"5":{"loc":{"start":{"line":61,"column":4},"end":{"line":64,"column":null}},"type":"if","locations":[{"start":{"line":61,"column":4},"end":{"line":64,"column":null}},{"start":{},"end":{}}]},"6":{"loc":{"start":{"line":88,"column":4},"end":{"line":90,"column":null}},"type":"if","locations":[{"start":{"line":88,"column":4},"end":{"line":90,"column":null}},{"start":{},"end":{}}]},"7":{"loc":{"start":{"line":88,"column":8},"end":{"line":88,"column":61}},"type":"binary-expr","locations":[{"start":{"line":88,"column":8},"end":{"line":88,"column":22}},{"start":{"line":88,"column":26},"end":{"line":88,"column":61}}]},"8":{"loc":{"start":{"line":92,"column":4},"end":{"line":94,"column":null}},"type":"if","locations":[{"start":{"line":92,"column":4},"end":{"line":94,"column":null}},{"start":{},"end":{}}]},"9":{"loc":{"start":{"line":92,"column":8},"end":{"line":92,"column":77}},"type":"binary-expr","locations":[{"start":{"line":92,"column":8},"end":{"line":92,"column":30}},{"start":{"line":92,"column":34},"end":{"line":92,"column":77}}]},"10":{"loc":{"start":{"line":96,"column":4},"end":{"line":98,"column":null}},"type":"if","locations":[{"start":{"line":96,"column":4},"end":{"line":98,"column":null}},{"start":{},"end":{}}]},"11":{"loc":{"start":{"line":96,"column":8},"end":{"line":96,"column":68}},"type":"binary-expr","locations":[{"start":{"line":96,"column":8},"end":{"line":96,"column":26}},{"start":{"line":96,"column":30},"end":{"line":96,"column":68}}]}},"s":{"0":5,"1":5,"2":4,"3":4,"4":4,"5":2,"6":2,"7":7,"8":7,"9":1,"10":1,"11":1,"12":1,"13":1,"14":1,"15":1,"16":1,"17":0,"18":0,"19":1,"20":0,"21":0,"22":1,"23":0,"24":0,"25":1,"26":1,"27":1,"28":1,"29":1,"30":2,"31":2,"32":2,"33":3,"34":3,"35":2,"36":3,"37":2,"38":3,"39":1,"40":3,"41":1,"42":1,"43":0,"44":1},"f":{"0":4,"1":2,"2":7,"3":1,"4":1,"5":2,"6":3,"7":1},"b":{"0":[4,3],"1":[4,4],"2":[1,0],"3":[0,1],"4":[0,1],"5":[0,1],"6":[2,1],"7":[3,1],"8":[2,1],"9":[3,1],"10":[1,2],"11":[3,1]}}
,"C:\\Users\\hphen\\OneDrive\\Documentos\\INATEL\\C14\\GymTrack\\lib\\models\\WorkoutSession.ts": {"path":"C:\\Users\\hphen\\OneDrive\\Documentos\\INATEL\\C14\\GymTrack\\lib\\models\\WorkoutSession.ts","statementMap":{"0":{"start":{"line":158,"column":13},"end":{"line":158,"column":29}},"1":{"start":{"line":32,"column":13},"end":{"line":32,"column":32}},"2":{"start":{"line":1,"column":15},"end":{"line":1,"column":null}},"3":{"start":{"line":34,"column":17},"end":{"line":37,"column":null}},"4":{"start":{"line":39,"column":19},"end":{"line":43,"column":null}},"5":{"start":{"line":46,"column":4},"end":{"line":46,"column":null}},"6":{"start":{"line":50,"column":17},"end":{"line":55,"column":null}},"7":{"start":{"line":56,"column":4},"end":{"line":56,"column":null}},"8":{"start":{"line":60,"column":17},"end":{"line":60,"column":null}},"9":{"start":{"line":61,"column":4},"end":{"line":61,"column":null}},"10":{"start":{"line":65,"column":20},"end":{"line":72,"column":null}},"11":{"start":{"line":74,"column":4},"end":{"line":74,"column":null}},"12":{"start":{"line":74,"column":18},"end":{"line":74,"column":null}},"13":{"start":{"line":76,"column":17},"end":{"line":84,"column":null}},"14":{"start":{"line":89,"column":4},"end":{"line":89,"column":null}},"15":{"start":{"line":93,"column":17},"end":{"line":97,"column":null}},"16":{"start":{"line":98,"column":4},"end":{"line":98,"column":null}},"17":{"start":{"line":102,"column":19},"end":{"line":102,"column":21}},"18":{"start":{"line":103,"column":19},"end":{"line":103,"column":21}},"19":{"start":{"line":105,"column":4},"end":{"line":108,"column":null}},"20":{"start":{"line":106,"column":6},"end":{"line":106,"column":null}},"21":{"start":{"line":107,"column":6},"end":{"line":107,"column":null}},"22":{"start":{"line":109,"column":4},"end":{"line":112,"column":null}},"23":{"start":{"line":110,"column":6},"end":{"line":110,"column":null}},"24":{"start":{"line":111,"column":6},"end":{"line":111,"column":null}},"25":{"start":{"line":114,"column":4},"end":{"line":114,"column":null}},"26":{"start":{"line":114,"column":29},"end":{"line":114,"column":null}},"27":{"start":{"line":116,"column":4},"end":{"line":116,"column":null}},"28":{"start":{"line":118,"column":17},"end":{"line":122,"column":null}},"29":{"start":{"line":124,"column":4},"end":{"line":124,"column":null}},"30":{"start":{"line":125,"column":4},"end":{"line":125,"column":null}},"31":{"start":{"line":129,"column":17},"end":{"line":129,"column":null}},"32":{"start":{"line":130,"column":19},"end":{"line":130,"column":null}},"33":{"start":{"line":131,"column":4},"end":{"line":131,"column":null}},"34":{"start":{"line":135,"column":29},"end":{"line":135,"column":31}},"35":{"start":{"line":137,"column":4},"end":{"line":139,"column":null}},"36":{"start":{"line":138,"column":6},"end":{"line":138,"column":null}},"37":{"start":{"line":141,"column":4},"end":{"line":148,"column":null}},"38":{"start":{"line":142,"column":6},"end":{"line":142,"column":null}},"39":{"start":{"line":144,"column":19},"end":{"line":144,"column":null}},"40":{"start":{"line":145,"column":6},"end":{"line":147,"column":null}},"41":{"start":{"line":146,"column":8},"end":{"line":146,"column":null}},"42":{"start":{"line":150,"column":4},"end":{"line":152,"column":null}},"43":{"start":{"line":151,"column":6},"end":{"line":151,"column":null}},"44":{"start":{"line":154,"column":4},"end":{"line":154,"column":null}},"45":{"start":{"line":160,"column":17},"end":{"line":163,"column":null}},"46":{"start":{"line":165,"column":19},"end":{"line":172,"column":null}},"47":{"start":{"line":175,"column":4},"end":{"line":175,"column":null}},"48":{"start":{"line":179,"column":17},"end":{"line":179,"column":null}},"49":{"start":{"line":180,"column":4},"end":{"line":180,"column":null}},"50":{"start":{"line":184,"column":17},"end":{"line":188,"column":null}},"51":{"start":{"line":189,"column":4},"end":{"line":189,"column":null}},"52":{"start":{"line":193,"column":17},"end":{"line":199,"column":null}},"53":{"start":{"line":200,"column":4},"end":{"line":200,"column":null}},"54":{"start":{"line":204,"column":19},"end":{"line":204,"column":21}},"55":{"start":{"line":205,"column":19},"end":{"line":205,"column":21}},"56":{"start":{"line":207,"column":4},"end":{"line":210,"column":null}},"57":{"start":{"line":208,"column":6},"end":{"line":208,"column":null}},"58":{"start":{"line":209,"column":6},"end":{"line":209,"column":null}},"59":{"start":{"line":211,"column":4},"end":{"line":214,"column":null}},"60":{"start":{"line":212,"column":6},"end":{"line":212,"column":null}},"61":{"start":{"line":213,"column":6},"end":{"line":213,"column":null}},"62":{"start":{"line":215,"column":4},"end":{"line":218,"column":null}},"63":{"start":{"line":216,"column":6},"end":{"line":216,"column":null}},"64":{"start":{"line":217,"column":6},"end":{"line":217,"column":null}},"65":{"start":{"line":219,"column":4},"end":{"line":222,"column":null}},"66":{"start":{"line":220,"column":6},"end":{"line":220,"column":null}},"67":{"start":{"line":221,"column":6},"end":{"line":221,"column":null}},"68":{"start":{"line":224,"column":4},"end":{"line":224,"column":null}},"69":{"start":{"line":224,"column":29},"end":{"line":224,"column":null}},"70":{"start":{"line":226,"column":4},"end":{"line":226,"column":null}},"71":{"start":{"line":228,"column":17},"end":{"line":232,"column":null}},"72":{"start":{"line":234,"column":4},"end":{"line":234,"column":null}},"73":{"start":{"line":235,"column":4},"end":{"line":235,"column":null}},"74":{"start":{"line":239,"column":17},"end":{"line":239,"column":null}},"75":{"start":{"line":240,"column":19},"end":{"line":240,"column":null}},"76":{"start":{"line":241,"column":4},"end":{"line":241,"column":null}},"77":{"start":{"line":245,"column":29},"end":{"line":245,"column":31}},"78":{"start":{"line":247,"column":4},"end":{"line":249,"column":null}},"79":{"start":{"line":248,"column":6},"end":{"line":248,"column":null}},"80":{"start":{"line":251,"column":4},"end":{"line":253,"column":null}},"81":{"start":{"line":252,"column":6},"end":{"line":252,"column":null}},"82":{"start":{"line":255,"column":4},"end":{"line":257,"column":null}},"83":{"start":{"line":256,"column":6},"end":{"line":256,"column":null}},"84":{"start":{"line":259,"column":4},"end":{"line":261,"column":null}},"85":{"start":{"line":260,"column":6},"end":{"line":260,"column":null}},"86":{"start":{"line":263,"column":4},"end":{"line":265,"column":null}},"87":{"start":{"line":264,"column":6},"end":{"line":264,"column":null}},"88":{"start":{"line":267,"column":4},"end":{"line":267,"column":null}}},"fnMap":{"0":{"name":"(anonymous_4)","decl":{"start":{"line":33,"column":2},"end":{"line":33,"column":9}},"loc":{"start":{"line":33,"column":84},"end":{"line":47,"column":null}}},"1":{"name":"(anonymous_5)","decl":{"start":{"line":49,"column":2},"end":{"line":49,"column":9}},"loc":{"start":{"line":49,"column":37},"end":{"line":57,"column":null}}},"2":{"name":"(anonymous_6)","decl":{"start":{"line":59,"column":2},"end":{"line":59,"column":9}},"loc":{"start":{"line":59,"column":53},"end":{"line":62,"column":null}}},"3":{"name":"(anonymous_7)","decl":{"start":{"line":64,"column":2},"end":{"line":64,"column":9}},"loc":{"start":{"line":64,"column":69},"end":{"line":90,"column":null}}},"4":{"name":"(anonymous_8)","decl":{"start":{"line":92,"column":2},"end":{"line":92,"column":9}},"loc":{"start":{"line":92,"column":64},"end":{"line":99,"column":null}}},"5":{"name":"(anonymous_9)","decl":{"start":{"line":101,"column":2},"end":{"line":101,"column":9}},"loc":{"start":{"line":101,"column":85},"end":{"line":126,"column":null}}},"6":{"name":"(anonymous_10)","decl":{"start":{"line":128,"column":2},"end":{"line":128,"column":9}},"loc":{"start":{"line":128,"column":37},"end":{"line":132,"column":null}}},"7":{"name":"(anonymous_11)","decl":{"start":{"line":134,"column":2},"end":{"line":134,"column":9}},"loc":{"start":{"line":134,"column":69},"end":{"line":155,"column":null}}},"8":{"name":"(anonymous_12)","decl":{"start":{"line":159,"column":2},"end":{"line":159,"column":9}},"loc":{"start":{"line":159,"column":74},"end":{"line":176,"column":null}}},"9":{"name":"(anonymous_13)","decl":{"start":{"line":178,"column":2},"end":{"line":178,"column":9}},"loc":{"start":{"line":178,"column":50},"end":{"line":181,"column":null}}},"10":{"name":"(anonymous_14)","decl":{"start":{"line":183,"column":2},"end":{"line":183,"column":9}},"loc":{"start":{"line":183,"column":59},"end":{"line":190,"column":null}}},"11":{"name":"(anonymous_15)","decl":{"start":{"line":192,"column":2},"end":{"line":192,"column":9}},"loc":{"start":{"line":192,"column":61},"end":{"line":201,"column":null}}},"12":{"name":"(anonymous_16)","decl":{"start":{"line":203,"column":2},"end":{"line":203,"column":9}},"loc":{"start":{"line":203,"column":75},"end":{"line":236,"column":null}}},"13":{"name":"(anonymous_17)","decl":{"start":{"line":238,"column":2},"end":{"line":238,"column":9}},"loc":{"start":{"line":238,"column":37},"end":{"line":242,"column":null}}},"14":{"name":"(anonymous_18)","decl":{"start":{"line":244,"column":2},"end":{"line":244,"column":9}},"loc":{"start":{"line":244,"column":58},"end":{"line":268,"column":null}}}},"branchMap":{"0":{"loc":{"start":{"line":42,"column":6},"end":{"line":42,"column":null}},"type":"binary-expr","locations":[{"start":{"line":42,"column":6},"end":{"line":42,"column":30}},{"start":{"line":42,"column":34},"end":{"line":42,"column":null}}]},"1":{"loc":{"start":{"line":43,"column":6},"end":{"line":43,"column":null}},"type":"binary-expr","locations":[{"start":{"line":43,"column":6},"end":{"line":43,"column":19}},{"start":{"line":43,"column":23},"end":{"line":43,"column":null}}]},"2":{"loc":{"start":{"line":74,"column":4},"end":{"line":74,"column":null}},"type":"if","locations":[{"start":{"line":74,"column":4},"end":{"line":74,"column":null}},{"start":{},"end":{}}]},"3":{"loc":{"start":{"line":105,"column":4},"end":{"line":108,"column":null}},"type":"if","locations":[{"start":{"line":105,"column":4},"end":{"line":108,"column":null}},{"start":{},"end":{}}]},"4":{"loc":{"start":{"line":109,"column":4},"end":{"line":112,"column":null}},"type":"if","locations":[{"start":{"line":109,"column":4},"end":{"line":112,"column":null}},{"start":{},"end":{}}]},"5":{"loc":{"start":{"line":114,"column":4},"end":{"line":114,"column":null}},"type":"if","locations":[{"start":{"line":114,"column":4},"end":{"line":114,"column":null}},{"start":{},"end":{}}]},"6":{"loc":{"start":{"line":137,"column":4},"end":{"line":139,"column":null}},"type":"if","locations":[{"start":{"line":137,"column":4},"end":{"line":139,"column":null}},{"start":{},"end":{}}]},"7":{"loc":{"start":{"line":137,"column":8},"end":{"line":137,"column":74}},"type":"binary-expr","locations":[{"start":{"line":137,"column":8},"end":{"line":137,"column":36}},{"start":{"line":137,"column":40},"end":{"line":137,"column":74}}]},"8":{"loc":{"start":{"line":141,"column":4},"end":{"line":148,"column":null}},"type":"if","locations":[{"start":{"line":141,"column":4},"end":{"line":148,"column":null}},{"start":{"line":143,"column":11},"end":{"line":148,"column":null}}]},"9":{"loc":{"start":{"line":145,"column":6},"end":{"line":147,"column":null}},"type":"if","locations":[{"start":{"line":145,"column":6},"end":{"line":147,"column":null}},{"start":{},"end":{}}]},"10":{"loc":{"start":{"line":150,"column":4},"end":{"line":152,"column":null}},"type":"if","locations":[{"start":{"line":150,"column":4},"end":{"line":152,"column":null}},{"start":{},"end":{}}]},"11":{"loc":{"start":{"line":150,"column":8},"end":{"line":150,"column":80}},"type":"binary-expr","locations":[{"start":{"line":150,"column":8},"end":{"line":150,"column":50}},{"start":{"line":150,"column":50},"end":{"line":150,"column":80}}]},"12":{"loc":{"start":{"line":171,"column":6},"end":{"line":171,"column":null}},"type":"cond-expr","locations":[{"start":{"line":171,"column":22},"end":{"line":171,"column":26}},{"start":{"line":171,"column":26},"end":{"line":171,"column":null}}]},"13":{"loc":{"start":{"line":172,"column":6},"end":{"line":172,"column":null}},"type":"binary-expr","locations":[{"start":{"line":172,"column":6},"end":{"line":172,"column":15}},{"start":{"line":172,"column":19},"end":{"line":172,"column":null}}]},"14":{"loc":{"start":{"line":207,"column":4},"end":{"line":210,"column":null}},"type":"if","locations":[{"start":{"line":207,"column":4},"end":{"line":210,"column":null}},{"start":{},"end":{}}]},"15":{"loc":{"start":{"line":211,"column":4},"end":{"line":214,"column":null}},"type":"if","locations":[{"start":{"line":211,"column":4},"end":{"line":214,"column":null}},{"start":{},"end":{}}]},"16":{"loc":{"start":{"line":215,"column":4},"end":{"line":218,"column":null}},"type":"if","locations":[{"start":{"line":215,"column":4},"end":{"line":218,"column":null}},{"start":{},"end":{}}]},"17":{"loc":{"start":{"line":217,"column":18},"end":{"line":217,"column":null}},"type":"cond-expr","locations":[{"start":{"line":217,"column":34},"end":{"line":217,"column":38}},{"start":{"line":217,"column":38},"end":{"line":217,"column":null}}]},"18":{"loc":{"start":{"line":219,"column":4},"end":{"line":222,"column":null}},"type":"if","locations":[{"start":{"line":219,"column":4},"end":{"line":222,"column":null}},{"start":{},"end":{}}]},"19":{"loc":{"start":{"line":224,"column":4},"end":{"line":224,"column":null}},"type":"if","locations":[{"start":{"line":224,"column":4},"end":{"line":224,"column":null}},{"start":{},"end":{}}]},"20":{"loc":{"start":{"line":247,"column":4},"end":{"line":249,"column":null}},"type":"if","locations":[{"start":{"line":247,"column":4},"end":{"line":249,"column":null}},{"start":{},"end":{}}]},"21":{"loc":{"start":{"line":247,"column":8},"end":{"line":247,"column":64}},"type":"binary-expr","locations":[{"start":{"line":247,"column":8},"end":{"line":247,"column":31}},{"start":{"line":247,"column":35},"end":{"line":247,"column":64}}]},"22":{"loc":{"start":{"line":251,"column":4},"end":{"line":253,"column":null}},"type":"if","locations":[{"start":{"line":251,"column":4},"end":{"line":253,"column":null}},{"start":{},"end":{}}]},"23":{"loc":{"start":{"line":251,"column":8},"end":{"line":251,"column":50}},"type":"binary-expr","locations":[{"start":{"line":251,"column":8},"end":{"line":251,"column":24}},{"start":{"line":251,"column":28},"end":{"line":251,"column":50}}]},"24":{"loc":{"start":{"line":255,"column":4},"end":{"line":257,"column":null}},"type":"if","locations":[{"start":{"line":255,"column":4},"end":{"line":257,"column":null}},{"start":{},"end":{}}]},"25":{"loc":{"start":{"line":255,"column":8},"end":{"line":255,"column":48}},"type":"binary-expr","locations":[{"start":{"line":255,"column":8},"end":{"line":255,"column":23}},{"start":{"line":255,"column":27},"end":{"line":255,"column":48}}]},"26":{"loc":{"start":{"line":259,"column":4},"end":{"line":261,"column":null}},"type":"if","locations":[{"start":{"line":259,"column":4},"end":{"line":261,"column":null}},{"start":{},"end":{}}]},"27":{"loc":{"start":{"line":259,"column":8},"end":{"line":259,"column":48}},"type":"binary-expr","locations":[{"start":{"line":259,"column":8},"end":{"line":259,"column":34}},{"start":{"line":259,"column":34},"end":{"line":259,"column":48}}]},"28":{"loc":{"start":{"line":263,"column":4},"end":{"line":265,"column":null}},"type":"if","locations":[{"start":{"line":263,"column":4},"end":{"line":265,"column":null}},{"start":{},"end":{}}]},"29":{"loc":{"start":{"line":263,"column":8},"end":{"line":263,"column":52}},"type":"binary-expr","locations":[{"start":{"line":263,"column":8},"end":{"line":263,"column":36}},{"start":{"line":263,"column":36},"end":{"line":263,"column":52}}]}},"s":{"0":8,"1":5,"2":10,"3":2,"4":2,"5":2,"6":2,"7":2,"8":4,"9":4,"10":0,"11":0,"12":0,"13":0,"14":0,"15":1,"16":1,"17":2,"18":2,"19":2,"20":1,"21":1,"22":2,"23":0,"24":0,"25":2,"26":1,"27":1,"28":1,"29":1,"30":1,"31":1,"32":1,"33":1,"34":5,"35":5,"36":2,"37":5,"38":1,"39":4,"40":4,"41":2,"42":5,"43":1,"44":5,"45":1,"46":1,"47":1,"48":4,"49":4,"50":1,"51":1,"52":1,"53":1,"54":2,"55":2,"56":2,"57":1,"58":1,"59":2,"60":0,"61":0,"62":2,"63":0,"64":0,"65":2,"66":0,"67":0,"68":2,"69":1,"70":1,"71":1,"72":1,"73":1,"74":1,"75":1,"76":1,"77":4,"78":4,"79":1,"80":4,"81":2,"82":4,"83":3,"84":4,"85":1,"86":4,"87":0,"88":4},"f":{"0":2,"1":2,"2":4,"3":0,"4":1,"5":2,"6":1,"7":5,"8":1,"9":4,"10":1,"11":1,"12":2,"13":1,"14":4},"b":{"0":[2,1],"1":[2,1],"2":[0,0],"3":[1,1],"4":[0,2],"5":[1,1],"6":[2,3],"7":[5,3],"8":[1,4],"9":[2,2],"10":[1,4],"11":[5,2],"12":[1,0],"13":[1,1],"14":[1,1],"15":[0,2],"16":[0,2],"17":[0,0],"18":[0,2],"19":[1,1],"20":[1,3],"21":[4,3],"22":[2,2],"23":[4,2],"24":[3,1],"25":[4,2],"26":[1,3],"27":[4,1],"28":[0,4],"29":[4,0]}}
,"C:\\Users\\hphen\\OneDrive\\Documentos\\INATEL\\C14\\GymTrack\\lib\\models\\WorkoutTemplate.ts": {"path":"C:\\Users\\hphen\\OneDrive\\Documentos\\INATEL\\C14\\GymTrack\\lib\\models\\WorkoutTemplate.ts","statementMap":{"0":{"start":{"line":29,"column":13},"end":{"line":29,"column":null}},"1":{"start":{"line":1,"column":15},"end":{"line":1,"column":null}},"2":{"start":{"line":31,"column":17},"end":{"line":34,"column":null}},"3":{"start":{"line":36,"column":19},"end":{"line":36,"column":null}},"4":{"start":{"line":37,"column":4},"end":{"line":37,"column":null}},"5":{"start":{"line":41,"column":17},"end":{"line":41,"column":null}},"6":{"start":{"line":42,"column":4},"end":{"line":42,"column":null}},"7":{"start":{"line":46,"column":17},"end":{"line":46,"column":null}},"8":{"start":{"line":47,"column":4},"end":{"line":47,"column":null}},"9":{"start":{"line":51,"column":21},"end":{"line":51,"column":null}},"10":{"start":{"line":52,"column":4},"end":{"line":52,"column":null}},"11":{"start":{"line":52,"column":19},"end":{"line":52,"column":null}},"12":{"start":{"line":54,"column":17},"end":{"line":60,"column":null}},"13":{"start":{"line":62,"column":22},"end":{"line":62,"column":null}},"14":{"start":{"line":67,"column":4},"end":{"line":67,"column":null}},"15":{"start":{"line":74,"column":17},"end":{"line":78,"column":null}},"16":{"start":{"line":80,"column":19},"end":{"line":87,"column":null}},"17":{"start":{"line":90,"column":4},"end":{"line":90,"column":null}},"18":{"start":{"line":94,"column":17},"end":{"line":97,"column":null}},"19":{"start":{"line":99,"column":19},"end":{"line":99,"column":null}},"20":{"start":{"line":100,"column":4},"end":{"line":100,"column":null}},"21":{"start":{"line":104,"column":19},"end":{"line":104,"column":21}},"22":{"start":{"line":105,"column":19},"end":{"line":105,"column":21}},"23":{"start":{"line":107,"column":4},"end":{"line":110,"column":null}},"24":{"start":{"line":108,"column":6},"end":{"line":108,"column":null}},"25":{"start":{"line":109,"column":6},"end":{"line":109,"column":null}},"26":{"start":{"line":111,"column":4},"end":{"line":114,"column":null}},"27":{"start":{"line":112,"column":6},"end":{"line":112,"column":null}},"28":{"start":{"line":113,"column":6},"end":{"line":113,"column":null}},"29":{"start":{"line":116,"column":4},"end":{"line":116,"column":null}},"30":{"start":{"line":117,"column":4},"end":{"line":117,"column":null}},"31":{"start":{"line":119,"column":17},"end":{"line":123,"column":null}},"32":{"start":{"line":125,"column":4},"end":{"line":125,"column":null}},"33":{"start":{"line":126,"column":4},"end":{"line":126,"column":null}},"34":{"start":{"line":131,"column":2},"end":{"line":132,"column":null}},"35":{"start":{"line":135,"column":15},"end":{"line":135,"column":null}},"36":{"start":{"line":136,"column":17},"end":{"line":136,"column":null}},"37":{"start":{"line":138,"column":2},"end":{"line":138,"column":null}},"38":{"start":{"line":142,"column":29},"end":{"line":142,"column":31}},"39":{"start":{"line":144,"column":4},"end":{"line":146,"column":null}},"40":{"start":{"line":145,"column":6},"end":{"line":145,"column":null}},"41":{"start":{"line":148,"column":4},"end":{"line":148,"column":null}},"42":{"start":{"line":152,"column":29},"end":{"line":152,"column":31}},"43":{"start":{"line":154,"column":4},"end":{"line":156,"column":null}},"44":{"start":{"line":155,"column":6},"end":{"line":155,"column":null}},"45":{"start":{"line":158,"column":4},"end":{"line":160,"column":null}},"46":{"start":{"line":159,"column":6},"end":{"line":159,"column":null}},"47":{"start":{"line":162,"column":4},"end":{"line":164,"column":null}},"48":{"start":{"line":163,"column":6},"end":{"line":163,"column":null}},"49":{"start":{"line":166,"column":4},"end":{"line":168,"column":null}},"50":{"start":{"line":167,"column":6},"end":{"line":167,"column":null}},"51":{"start":{"line":170,"column":4},"end":{"line":172,"column":null}},"52":{"start":{"line":171,"column":6},"end":{"line":171,"column":null}},"53":{"start":{"line":174,"column":4},"end":{"line":174,"column":null}}},"fnMap":{"0":{"name":"(anonymous_2)","decl":{"start":{"line":30,"column":2},"end":{"line":30,"column":9}},"loc":{"start":{"line":30,"column":102},"end":{"line":38,"column":null}}},"1":{"name":"(anonymous_3)","decl":{"start":{"line":40,"column":2},"end":{"line":40,"column":9}},"loc":{"start":{"line":40,"column":38},"end":{"line":43,"column":null}}},"2":{"name":"(anonymous_4)","decl":{"start":{"line":45,"column":2},"end":{"line":45,"column":9}},"loc":{"start":{"line":45,"column":54},"end":{"line":48,"column":null}}},"3":{"name":"(anonymous_5)","decl":{"start":{"line":50,"column":2},"end":{"line":50,"column":9}},"loc":{"start":{"line":50,"column":80},"end":{"line":68,"column":null}}},"4":{"name":"(anonymous_6)","decl":{"start":{"line":70,"column":2},"end":{"line":70,"column":9}},"loc":{"start":{"line":73,"column":13},"end":{"line":91,"column":null}}},"5":{"name":"(anonymous_7)","decl":{"start":{"line":93,"column":2},"end":{"line":93,"column":9}},"loc":{"start":{"line":93,"column":73},"end":{"line":101,"column":null}}},"6":{"name":"(anonymous_8)","decl":{"start":{"line":103,"column":2},"end":{"line":103,"column":9}},"loc":{"start":{"line":103,"column":88},"end":{"line":127,"column":null}}},"7":{"name":"(anonymous_9)","decl":{"start":{"line":129,"column":2},"end":{"line":129,"column":9}},"loc":{"start":{"line":129,"column":37},"end":{"line":139,"column":null}}},"8":{"name":"(anonymous_10)","decl":{"start":{"line":141,"column":2},"end":{"line":141,"column":9}},"loc":{"start":{"line":141,"column":72},"end":{"line":149,"column":null}}},"9":{"name":"(anonymous_11)","decl":{"start":{"line":151,"column":2},"end":{"line":151,"column":9}},"loc":{"start":{"line":151,"column":88},"end":{"line":175,"column":null}}}},"branchMap":{"0":{"loc":{"start":{"line":36,"column":43},"end":{"line":36,"column":null}},"type":"binary-expr","locations":[{"start":{"line":36,"column":43},"end":{"line":36,"column":63}},{"start":{"line":36,"column":67},"end":{"line":36,"column":null}}]},"1":{"loc":{"start":{"line":52,"column":4},"end":{"line":52,"column":null}},"type":"if","locations":[{"start":{"line":52,"column":4},"end":{"line":52,"column":null}},{"start":{},"end":{}}]},"2":{"loc":{"start":{"line":107,"column":4},"end":{"line":110,"column":null}},"type":"if","locations":[{"start":{"line":107,"column":4},"end":{"line":110,"column":null}},{"start":{},"end":{}}]},"3":{"loc":{"start":{"line":111,"column":4},"end":{"line":114,"column":null}},"type":"if","locations":[{"start":{"line":111,"column":4},"end":{"line":114,"column":null}},{"start":{},"end":{}}]},"4":{"loc":{"start":{"line":144,"column":4},"end":{"line":146,"column":null}},"type":"if","locations":[{"start":{"line":144,"column":4},"end":{"line":146,"column":null}},{"start":{},"end":{}}]},"5":{"loc":{"start":{"line":144,"column":8},"end":{"line":144,"column":61}},"type":"binary-expr","locations":[{"start":{"line":144,"column":8},"end":{"line":144,"column":22}},{"start":{"line":144,"column":26},"end":{"line":144,"column":61}}]},"6":{"loc":{"start":{"line":154,"column":4},"end":{"line":156,"column":null}},"type":"if","locations":[{"start":{"line":154,"column":4},"end":{"line":156,"column":null}},{"start":{},"end":{}}]},"7":{"loc":{"start":{"line":154,"column":8},"end":{"line":154,"column":60}},"type":"binary-expr","locations":[{"start":{"line":154,"column":8},"end":{"line":154,"column":29}},{"start":{"line":154,"column":33},"end":{"line":154,"column":60}}]},"8":{"loc":{"start":{"line":158,"column":4},"end":{"line":160,"column":null}},"type":"if","locations":[{"start":{"line":158,"column":4},"end":{"line":160,"column":null}},{"start":{},"end":{}}]},"9":{"loc":{"start":{"line":158,"column":8},"end":{"line":158,"column":46}},"type":"binary-expr","locations":[{"start":{"line":158,"column":8},"end":{"line":158,"column":22}},{"start":{"line":158,"column":26},"end":{"line":158,"column":46}}]},"10":{"loc":{"start":{"line":162,"column":4},"end":{"line":164,"column":null}},"type":"if","locations":[{"start":{"line":162,"column":4},"end":{"line":164,"column":null}},{"start":{},"end":{}}]},"11":{"loc":{"start":{"line":162,"column":8},"end":{"line":162,"column":46}},"type":"binary-expr","locations":[{"start":{"line":162,"column":8},"end":{"line":162,"column":22}},{"start":{"line":162,"column":26},"end":{"line":162,"column":46}}]},"12":{"loc":{"start":{"line":166,"column":4},"end":{"line":168,"column":null}},"type":"if","locations":[{"start":{"line":166,"column":4},"end":{"line":168,"column":null}},{"start":{},"end":{}}]},"13":{"loc":{"start":{"line":166,"column":8},"end":{"line":166,"column":78}},"type":"binary-expr","locations":[{"start":{"line":166,"column":8},"end":{"line":166,"column":49}},{"start":{"line":166,"column":49},"end":{"line":166,"column":78}}]},"14":{"loc":{"start":{"line":170,"column":4},"end":{"line":172,"column":null}},"type":"if","locations":[{"start":{"line":170,"column":4},"end":{"line":172,"column":null}},{"start":{},"end":{}}]},"15":{"loc":{"start":{"line":170,"column":8},"end":{"line":170,"column":74}},"type":"binary-expr","locations":[{"start":{"line":170,"column":8},"end":{"line":170,"column":47}},{"start":{"line":170,"column":47},"end":{"line":170,"column":74}}]}},"s":{"0":4,"1":4,"2":4,"3":4,"4":4,"5":2,"6":2,"7":7,"8":7,"9":4,"10":4,"11":1,"12":3,"13":3,"14":3,"15":3,"16":3,"17":3,"18":3,"19":3,"20":3,"21":5,"22":5,"23":5,"24":3,"25":3,"26":5,"27":4,"28":4,"29":5,"30":5,"31":5,"32":5,"33":5,"34":2,"35":2,"36":2,"37":2,"38":3,"39":3,"40":2,"41":3,"42":6,"43":6,"44":1,"45":6,"46":2,"47":6,"48":3,"49":6,"50":1,"51":6,"52":1,"53":6},"f":{"0":4,"1":2,"2":7,"3":4,"4":3,"5":3,"6":5,"7":2,"8":3,"9":6},"b":{"0":[4,1],"1":[1,3],"2":[3,2],"3":[4,1],"4":[2,1],"5":[3,2],"6":[1,5],"7":[6,5],"8":[2,4],"9":[6,4],"10":[3,3],"11":[6,4],"12":[1,5],"13":[6,2],"14":[1,5],"15":[6,2]}}
}
