TN:
SF:app\api\exercises\route.ts
FN:4,GET
FN:14,POST
FN:26,(anonymous_5)
FNF:3
FNH:2
FNDA:2,GET
FNDA:4,POST
FNDA:0,(anonymous_5)
DA:1,2
DA:2,2
DA:4,2
DA:5,2
DA:6,2
DA:7,2
DA:9,0
DA:10,0
DA:14,2
DA:15,4
DA:16,4
DA:19,4
DA:20,4
DA:21,2
DA:25,2
DA:26,2
DA:28,2
DA:29,0
DA:32,2
DA:33,2
DA:35,0
DA:36,0
LF:22
LH:17
BRDA:20,0,0,2
BRDA:20,0,1,2
BRDA:28,1,0,0
BRDA:28,1,1,2
BRF:4
BRH:3
end_of_record
TN:
SF:app\api\exercises\[id]\route.ts
FN:4,GET
FN:23,PUT
FN:50,DELETE
FNF:3
FNH:2
FNDA:2,GET
FNDA:0,PUT
FNDA:2,DELETE
DA:1,4
DA:2,4
DA:4,4
DA:5,2
DA:6,2
DA:7,2
DA:8,0
DA:11,2
DA:12,2
DA:13,1
DA:16,1
DA:18,0
DA:19,0
DA:23,0
DA:24,0
DA:25,0
DA:26,0
DA:27,0
DA:30,0
DA:33,0
DA:34,0
DA:35,0
DA:38,0
DA:39,0
DA:40,0
DA:43,0
DA:45,0
DA:46,0
DA:50,4
DA:51,2
DA:52,2
DA:53,2
DA:54,0
DA:57,2
DA:58,2
DA:59,1
DA:62,1
DA:64,0
DA:65,0
LF:39
LH:18
BRDA:7,0,0,0
BRDA:7,0,1,2
BRDA:12,1,0,1
BRDA:12,1,1,1
BRDA:26,2,0,0
BRDA:26,2,1,0
BRDA:34,3,0,0
BRDA:34,3,1,0
BRDA:39,4,0,0
BRDA:39,4,1,0
BRDA:53,5,0,0
BRDA:53,5,1,2
BRDA:58,6,0,1
BRDA:58,6,1,1
BRF:14
BRH:6
end_of_record
TN:
SF:app\api\exercises\[id]\evolution\route.ts
FN:4,GET
FN:26,(anonymous_2)
FN:48,(anonymous_3)
FN:52,(anonymous_4)
FN:63,(anonymous_5)
FNF:5
FNH:5
FNDA:1,GET
FNDA:2,(anonymous_2)
FNDA:2,(anonymous_3)
FNDA:1,(anonymous_4)
FNDA:2,(anonymous_5)
DA:1,1
DA:2,1
DA:4,1
DA:5,1
DA:6,1
DA:7,1
DA:8,0
DA:11,1
DA:24,1
DA:26,1
DA:27,2
DA:28,2
DA:29,2
DA:39,2
DA:40,2
DA:41,2
DA:42,2
DA:43,2
DA:47,1
DA:48,2
DA:52,1
DA:55,1
DA:56,1
DA:58,1
DA:63,2
DA:68,1
DA:70,0
DA:71,0
LF:28
LH:25
BRDA:7,0,0,0
BRDA:7,0,1,1
BRDA:28,1,0,2
BRDA:28,1,1,0
BRDA:59,2,0,1
BRDA:59,2,1,0
BRDA:60,3,0,1
BRDA:60,3,1,0
BRDA:63,4,0,0
BRDA:63,4,1,2
BRDA:64,5,0,1
BRDA:64,5,1,0
BRF:12
BRH:6
end_of_record
TN:
SF:app\api\logs\[id]\route.ts
FN:4,PUT
FN:31,DELETE
FNF:2
FNH:2
FNDA:3,PUT
FNDA:3,DELETE
DA:1,1
DA:2,1
DA:4,6
DA:5,3
DA:6,3
DA:7,3
DA:8,0
DA:11,3
DA:14,3
DA:15,3
DA:16,1
DA:19,2
DA:20,2
DA:21,1
DA:24,1
DA:26,0
DA:27,0
DA:31,6
DA:32,3
DA:33,3
DA:34,3
DA:35,0
DA:38,3
DA:39,2
DA:40,1
DA:43,1
DA:45,1
DA:46,1
DA:48,0
DA:49,0
LF:30
LH:24
BRDA:7,0,0,0
BRDA:7,0,1,3
BRDA:15,1,0,1
BRDA:15,1,1,2
BRDA:20,2,0,1
BRDA:20,2,1,1
BRDA:34,3,0,0
BRDA:34,3,1,3
BRDA:39,4,0,1
BRDA:39,4,1,1
BRDA:45,5,0,1
BRDA:45,5,1,0
BRF:12
BRH:9
end_of_record
TN:
SF:app\api\sessions\route.ts
FN:4,GET
FN:14,POST
FNF:2
FNH:2
FNDA:1,GET
FNDA:2,POST
DA:1,1
DA:2,1
DA:4,1
DA:5,1
DA:6,1
DA:7,1
DA:9,0
DA:10,0
DA:14,2
DA:15,2
DA:16,2
DA:19,2
DA:20,2
DA:21,1
DA:24,1
DA:25,1
DA:27,0
DA:28,0
LF:18
LH:14
BRDA:20,0,0,1
BRDA:20,0,1,1
BRF:2
BRH:2
end_of_record
TN:
SF:app\api\sessions\[id]\route.ts
FN:4,GET
FN:23,PUT
FN:51,DELETE
FNF:3
FNH:3
FNDA:2,GET
FNDA:3,PUT
FNDA:2,DELETE
DA:1,1
DA:2,1
DA:4,7
DA:5,2
DA:6,2
DA:7,2
DA:8,0
DA:11,2
DA:12,2
DA:13,1
DA:16,1
DA:18,0
DA:19,0
DA:23,7
DA:24,3
DA:25,3
DA:26,3
DA:27,0
DA:30,3
DA:33,3
DA:34,3
DA:35,1
DA:38,2
DA:40,2
DA:41,1
DA:44,1
DA:46,0
DA:47,0
DA:51,7
DA:52,2
DA:53,2
DA:54,2
DA:55,0
DA:58,2
DA:59,2
DA:60,1
DA:63,1
DA:65,0
DA:66,0
LF:39
LH:30
BRDA:7,0,0,0
BRDA:7,0,1,2
BRDA:12,1,0,1
BRDA:12,1,1,1
BRDA:26,2,0,0
BRDA:26,2,1,3
BRDA:34,3,0,1
BRDA:34,3,1,2
BRDA:34,4,0,3
BRDA:34,4,1,3
BRDA:40,5,0,1
BRDA:40,5,1,1
BRDA:54,6,0,0
BRDA:54,6,1,2
BRDA:59,7,0,1
BRDA:59,7,1,1
BRF:16
BRH:13
end_of_record
TN:
SF:app\api\sessions\[id]\logs\route.ts
FN:4,POST
FNF:1
FNH:1
FNDA:4,POST
DA:1,1
DA:2,1
DA:4,1
DA:5,4
DA:6,4
DA:7,4
DA:8,1
DA:11,3
DA:12,3
DA:15,3
DA:16,3
DA:17,1
DA:20,2
DA:21,1
DA:23,1
DA:24,1
LF:16
LH:16
BRDA:7,0,0,1
BRDA:7,0,1,3
BRDA:16,1,0,1
BRDA:16,1,1,2
BRF:4
BRH:4
end_of_record
TN:
SF:app\api\workouts\route.ts
FN:4,GET
FN:14,POST
FNF:2
FNH:2
FNDA:1,GET
FNDA:2,POST
DA:1,3
DA:2,3
DA:4,3
DA:5,1
DA:6,1
DA:7,1
DA:9,0
DA:10,0
DA:14,3
DA:15,2
DA:16,2
DA:19,2
DA:20,2
DA:21,1
DA:24,1
DA:25,1
DA:27,0
DA:28,0
LF:18
LH:14
BRDA:20,0,0,1
BRDA:20,0,1,1
BRF:2
BRH:2
end_of_record
TN:
SF:app\api\workouts\[id]\route.ts
FN:4,GET
FN:23,PUT
FN:50,DELETE
FNF:3
FNH:3
FNDA:1,GET
FNDA:1,PUT
FNDA:1,DELETE
DA:1,3
DA:2,3
DA:4,3
DA:5,1
DA:6,1
DA:7,1
DA:8,0
DA:11,1
DA:12,1
DA:13,0
DA:16,1
DA:18,0
DA:19,0
DA:23,3
DA:24,1
DA:25,1
DA:26,1
DA:27,0
DA:30,1
DA:33,1
DA:34,1
DA:35,0
DA:38,1
DA:39,1
DA:40,0
DA:43,1
DA:45,0
DA:46,0
DA:50,3
DA:51,1
DA:52,1
DA:53,1
DA:54,0
DA:57,1
DA:58,1
DA:59,0
DA:62,1
DA:64,0
DA:65,0
LF:39
LH:26
BRDA:7,0,0,0
BRDA:7,0,1,1
BRDA:12,1,0,0
BRDA:12,1,1,1
BRDA:26,2,0,0
BRDA:26,2,1,1
BRDA:34,3,0,0
BRDA:34,3,1,1
BRDA:39,4,0,0
BRDA:39,4,1,1
BRDA:53,5,0,0
BRDA:53,5,1,1
BRDA:58,6,0,0
BRDA:58,6,1,1
BRF:14
BRH:7
end_of_record
TN:
SF:app\api\workouts\[id]\exercises\route.ts
FN:4,POST
FN:31,DELETE
FNF:2
FNH:2
FNDA:3,POST
FNDA:3,DELETE
DA:1,1
DA:2,1
DA:4,6
DA:5,3
DA:6,3
DA:7,3
DA:8,0
DA:11,3
DA:14,3
DA:15,3
DA:16,1
DA:19,2
DA:20,2
DA:21,1
DA:24,1
DA:26,0
DA:27,0
DA:31,6
DA:32,3
DA:33,3
DA:34,3
DA:35,0
DA:38,3
DA:39,3
DA:40,1
DA:43,2
DA:44,2
DA:45,1
DA:48,1
DA:50,0
DA:51,0
LF:31
LH:25
BRDA:7,0,0,0
BRDA:7,0,1,3
BRDA:15,1,0,1
BRDA:15,1,1,2
BRDA:20,2,0,1
BRDA:20,2,1,1
BRDA:34,3,0,0
BRDA:34,3,1,3
BRDA:39,4,0,1
BRDA:39,4,1,2
BRDA:44,5,0,1
BRDA:44,5,1,1
BRF:12
BRH:10
end_of_record
TN:
SF:lib\database.ts
FN:12,(anonymous_2)
FNF:1
FNH:1
FNDA:1,(anonymous_2)
DA:1,1
DA:2,1
DA:5,1
DA:6,1
DA:9,1
DA:12,1
DA:14,1
DA:27,1
DA:38,1
DA:54,1
DA:67,1
DA:83,1
DA:87,1
DA:89,22
LF:14
LH:14
BRF:0
BRH:0
end_of_record
TN:
SF:lib\utils.ts
FN:4,cn
FNF:1
FNH:0
FNDA:0,cn
DA:1,0
DA:2,0
DA:4,0
DA:5,0
LF:4
LH:0
BRF:0
BRH:0
end_of_record
TN:
SF:lib\models\Exercise.ts
FN:14,(anonymous_2)
FN:30,(anonymous_3)
FN:35,(anonymous_4)
FN:40,(anonymous_5)
FN:45,(anonymous_6)
FN:79,(anonymous_7)
FN:85,(anonymous_8)
FN:103,(anonymous_9)
FNF:8
FNH:8
FNDA:4,(anonymous_2)
FNDA:2,(anonymous_3)
FNDA:7,(anonymous_4)
FNDA:1,(anonymous_5)
FNDA:1,(anonymous_6)
FNDA:2,(anonymous_7)
FNDA:3,(anonymous_8)
FNDA:1,(anonymous_9)
DA:1,5
DA:13,5
DA:15,4
DA:20,4
DA:27,4
DA:31,2
DA:32,2
DA:36,7
DA:37,7
DA:41,1
DA:42,1
DA:46,1
DA:47,1
DA:49,1
DA:50,1
DA:51,1
DA:53,1
DA:54,0
DA:55,0
DA:57,1
DA:58,0
DA:59,0
DA:61,1
DA:62,0
DA:63,0
DA:66,1
DA:67,1
DA:69,1
DA:75,1
DA:76,1
DA:80,2
DA:81,2
DA:82,2
DA:86,3
DA:88,3
DA:89,2
DA:92,3
DA:93,2
DA:96,3
DA:97,1
DA:100,3
DA:104,1
DA:105,1
DA:106,0
DA:108,1
LF:45
LH:38
BRDA:23,0,0,4
BRDA:23,0,1,3
BRDA:24,1,0,4
BRDA:24,1,1,4
BRDA:49,2,0,1
BRDA:49,2,1,0
BRDA:53,3,0,0
BRDA:53,3,1,1
BRDA:57,4,0,0
BRDA:57,4,1,1
BRDA:61,5,0,0
BRDA:61,5,1,1
BRDA:88,6,0,2
BRDA:88,6,1,1
BRDA:88,7,0,3
BRDA:88,7,1,1
BRDA:92,8,0,2
BRDA:92,8,1,1
BRDA:92,9,0,3
BRDA:92,9,1,1
BRDA:96,10,0,1
BRDA:96,10,1,2
BRDA:96,11,0,3
BRDA:96,11,1,1
BRF:24
BRH:20
end_of_record
TN:
SF:lib\models\WorkoutSession.ts
FN:33,(anonymous_4)
FN:49,(anonymous_5)
FN:59,(anonymous_6)
FN:64,(anonymous_7)
FN:92,(anonymous_8)
FN:101,(anonymous_9)
FN:128,(anonymous_10)
FN:134,(anonymous_11)
FN:159,(anonymous_12)
FN:178,(anonymous_13)
FN:183,(anonymous_14)
FN:192,(anonymous_15)
FN:203,(anonymous_16)
FN:238,(anonymous_17)
FN:244,(anonymous_18)
FNF:15
FNH:8
FNDA:3,(anonymous_4)
FNDA:3,(anonymous_5)
FNDA:5,(anonymous_6)
FNDA:2,(anonymous_7)
FNDA:1,(anonymous_8)
FNDA:2,(anonymous_9)
FNDA:1,(anonymous_10)
FNDA:7,(anonymous_11)
FNDA:0,(anonymous_12)
FNDA:0,(anonymous_13)
FNDA:0,(anonymous_14)
FNDA:0,(anonymous_15)
FNDA:0,(anonymous_16)
FNDA:0,(anonymous_17)
FNDA:0,(anonymous_18)
DA:1,5
DA:32,8
DA:34,3
DA:39,3
DA:46,3
DA:50,3
DA:56,3
DA:60,5
DA:61,5
DA:65,2
DA:74,2
DA:76,1
DA:89,1
DA:93,1
DA:98,1
DA:102,2
DA:103,2
DA:105,2
DA:106,1
DA:107,1
DA:109,2
DA:110,0
DA:111,0
DA:114,2
DA:116,1
DA:118,1
DA:124,1
DA:125,1
DA:129,1
DA:130,1
DA:131,1
DA:135,7
DA:137,7
DA:138,3
DA:141,7
DA:142,1
DA:144,6
DA:145,6
DA:146,3
DA:150,7
DA:151,2
DA:154,7
DA:158,0
DA:160,0
DA:165,0
DA:175,0
DA:179,0
DA:180,0
DA:184,0
DA:189,0
DA:193,0
DA:200,0
DA:204,0
DA:205,0
DA:207,0
DA:208,0
DA:209,0
DA:211,0
DA:212,0
DA:213,0
DA:215,0
DA:216,0
DA:217,0
DA:219,0
DA:220,0
DA:221,0
DA:224,0
DA:226,0
DA:228,0
DA:234,0
DA:235,0
DA:239,0
DA:240,0
DA:241,0
DA:245,0
DA:247,0
DA:248,0
DA:251,0
DA:252,0
DA:255,0
DA:256,0
DA:259,0
DA:260,0
DA:263,0
DA:264,0
DA:267,0
LF:86
LH:40
BRDA:42,0,0,3
BRDA:42,0,1,2
BRDA:43,1,0,3
BRDA:43,1,1,2
BRDA:74,2,0,1
BRDA:74,2,1,1
BRDA:105,3,0,1
BRDA:105,3,1,1
BRDA:109,4,0,0
BRDA:109,4,1,2
BRDA:114,5,0,1
BRDA:114,5,1,1
BRDA:137,6,0,3
BRDA:137,6,1,4
BRDA:137,7,0,7
BRDA:137,7,1,4
BRDA:141,8,0,1
BRDA:141,8,1,6
BRDA:145,9,0,3
BRDA:145,9,1,3
BRDA:150,10,0,2
BRDA:150,10,1,5
BRDA:150,11,0,7
BRDA:150,11,1,4
BRDA:171,12,0,0
BRDA:171,12,1,0
BRDA:172,13,0,0
BRDA:172,13,1,0
BRDA:207,14,0,0
BRDA:207,14,1,0
BRDA:211,15,0,0
BRDA:211,15,1,0
BRDA:215,16,0,0
BRDA:215,16,1,0
BRDA:217,17,0,0
BRDA:217,17,1,0
BRDA:219,18,0,0
BRDA:219,18,1,0
BRDA:224,19,0,0
BRDA:224,19,1,0
BRDA:247,20,0,0
BRDA:247,20,1,0
BRDA:247,21,0,0
BRDA:247,21,1,0
BRDA:251,22,0,0
BRDA:251,22,1,0
BRDA:251,23,0,0
BRDA:251,23,1,0
BRDA:255,24,0,0
BRDA:255,24,1,0
BRDA:255,25,0,0
BRDA:255,25,1,0
BRDA:259,26,0,0
BRDA:259,26,1,0
BRDA:259,27,0,0
BRDA:259,27,1,0
BRDA:263,28,0,0
BRDA:263,28,1,0
BRDA:263,29,0,0
BRDA:263,29,1,0
BRF:60
BRH:23
end_of_record
TN:
SF:lib\models\WorkoutTemplate.ts
FN:30,(anonymous_2)
FN:40,(anonymous_3)
FN:45,(anonymous_4)
FN:50,(anonymous_5)
FN:70,(anonymous_6)
FN:93,(anonymous_7)
FN:103,(anonymous_8)
FN:129,(anonymous_9)
FN:135,(anonymous_10)
FN:145,(anonymous_11)
FNF:10
FNH:9
FNDA:2,(anonymous_2)
FNDA:2,(anonymous_3)
FNDA:5,(anonymous_4)
FNDA:1,(anonymous_5)
FNDA:1,(anonymous_6)
FNDA:1,(anonymous_7)
FNDA:1,(anonymous_8)
FNDA:0,(anonymous_9)
FNDA:1,(anonymous_10)
FNDA:1,(anonymous_11)
DA:1,3
DA:29,3
DA:31,2
DA:36,2
DA:37,2
DA:41,2
DA:42,2
DA:46,5
DA:47,5
DA:51,1
DA:52,1
DA:54,1
DA:62,1
DA:67,1
DA:74,1
DA:80,1
DA:90,1
DA:94,1
DA:99,1
DA:100,1
DA:104,1
DA:105,1
DA:107,1
DA:108,1
DA:109,1
DA:111,1
DA:112,1
DA:113,1
DA:116,1
DA:117,1
DA:119,1
DA:125,1
DA:126,1
DA:130,0
DA:131,0
DA:132,0
DA:136,1
DA:138,1
DA:139,1
DA:142,1
DA:146,1
DA:148,1
DA:149,1
DA:152,1
DA:153,1
DA:156,1
DA:157,1
DA:160,1
DA:161,0
DA:164,1
DA:165,0
DA:168,1
LF:52
LH:47
BRDA:36,0,0,2
BRDA:36,0,1,0
BRDA:52,1,0,0
BRDA:52,1,1,1
BRDA:107,2,0,1
BRDA:107,2,1,0
BRDA:111,3,0,1
BRDA:111,3,1,0
BRDA:138,4,0,1
BRDA:138,4,1,0
BRDA:138,5,0,1
BRDA:138,5,1,0
BRDA:148,6,0,1
BRDA:148,6,1,0
BRDA:148,7,0,1
BRDA:148,7,1,0
BRDA:152,8,0,1
BRDA:152,8,1,0
BRDA:152,9,0,1
BRDA:152,9,1,0
BRDA:156,10,0,1
BRDA:156,10,1,0
BRDA:156,11,0,1
BRDA:156,11,1,0
BRDA:160,12,0,0
BRDA:160,12,1,1
BRDA:160,13,0,1
BRDA:160,13,1,0
BRDA:164,14,0,0
BRDA:164,14,1,1
BRDA:164,15,0,1
BRDA:164,15,1,0
BRF:32
BRH:16
end_of_record
